#
# There is insufficient memory for the Java Runtime Environment to continue.
# Native memory allocation (mmap) failed to map 65536 bytes. Error detail: Failed to commit metaspace.
# Possible reasons:
#   The system is out of physical RAM or swap space
#   This process is running with CompressedOops enabled, and the Java Heap may be blocking the growth of the native heap
# Possible solutions:
#   Reduce memory load on the system
#   Increase physical memory or swap space
#   Check if swap backing store is full
#   Decrease Java heap size (-Xmx/-Xms)
#   Decrease number of Java threads
#   Decrease Java thread stack sizes (-Xss)
#   Set larger code cache with -XX:ReservedCodeCacheSize=
#   JVM is running with Zero Based Compressed Oops mode in which the Java heap is
#     placed in the first 32GB address space. The Java Heap base address is the
#     maximum limit for the native heap growth. Please use -XX:HeapBaseMinAddress
#     to set the Java Heap base and to place the Java Heap above 32GB virtual address.
# This output file may be truncated or incomplete.
#
#  Out of Memory Error (virtualSpaceNode.cpp:110), pid=4112, tid=17172
#
# JRE version: OpenJDK Runtime Environment (17.0.11) (build 17.0.11+0--11852314)
# Java VM: OpenJDK 64-Bit Server VM (17.0.11+0--11852314, mixed mode, tiered, compressed oops, compressed class ptrs, g1 gc, windows-amd64)
# No core dump will be written. Minidumps are not enabled by default on client versions of Windows
#

---------------  S U M M A R Y ------------

Command Line: git4idea.http.GitAskPassApp Password for 'https://isidorami@github.com': 

Host: Intel(R) Core(TM) i5-9400H CPU @ 2.50GHz, 8 cores, 15G,  Windows 10 , 64 bit Build 19041 (10.0.19041.4842)
Time: Wed Sep 18 19:59:03 2024 Central Europe Summer Time elapsed time: 0.479129 seconds (0d 0h 0m 0s)

---------------  T H R E A D  ---------------

Current thread (0x00000266059404e0):  JavaThread "main" [_thread_in_vm, id=17172, stack(0x00000083a1900000,0x00000083a1a00000)]

Stack: [0x00000083a1900000,0x00000083a1a00000]
Native frames: (J=compiled Java code, j=interpreted, Vv=VM code, C=native code)
V  [jvm.dll+0x687bb9]
V  [jvm.dll+0x84142a]
V  [jvm.dll+0x8430ae]
V  [jvm.dll+0x843713]
V  [jvm.dll+0x24a35f]
V  [jvm.dll+0x83c2bb]
V  [jvm.dll+0x62c046]
V  [jvm.dll+0x62c0aa]
V  [jvm.dll+0x62e8da]
V  [jvm.dll+0x62c9e6]
V  [jvm.dll+0x23f400]
V  [jvm.dll+0x1ed94b]
V  [jvm.dll+0x1e328c]
V  [jvm.dll+0x54c5bc]
V  [jvm.dll+0x1f3e0b]
V  [jvm.dll+0x7b99bb]
V  [jvm.dll+0x7bae29]
V  [jvm.dll+0x7bb178]
V  [jvm.dll+0x241d8e]
V  [jvm.dll+0x38624e]
C  0x000002661036b8e4

The last pc belongs to new (printed below).
Java frames: (J=compiled Java code, j=interpreted, Vv=VM code)
j  java.lang.invoke.LambdaFormEditor.makeRepeatedFilterForm(Ljava/lang/invoke/MethodType;[I)Ljava/lang/invoke/LambdaForm;+168 java.base@17.0.11
j  java.lang.invoke.LambdaFormEditor.filterRepeatedArgumentForm(Ljava/lang/invoke/LambdaForm$BasicType;[I)Ljava/lang/invoke/LambdaForm;+116 java.base@17.0.11
j  java.lang.invoke.MethodHandles.filterRepeatedArgument(Ljava/lang/invoke/MethodHandle;Ljava/lang/invoke/MethodHandle;[I)Ljava/lang/invoke/MethodHandle;+100 java.base@17.0.11
j  java.lang.invoke.MethodHandles.filterArguments(Ljava/lang/invoke/MethodHandle;I[Ljava/lang/invoke/MethodHandle;)Ljava/lang/invoke/MethodHandle;+154 java.base@17.0.11
j  java.lang.invoke.StringConcatFactory.generateMHInlineCopy(Ljava/lang/invoke/MethodType;Ljava/util/List;)Ljava/lang/invoke/MethodHandle;+614 java.base@17.0.11
j  java.lang.invoke.StringConcatFactory.makeConcatWithConstants(Ljava/lang/invoke/MethodHandles$Lookup;Ljava/lang/String;Ljava/lang/invoke/MethodType;Ljava/lang/String;[Ljava/lang/Object;)Ljava/lang/invoke/CallSite;+220 java.base@17.0.11
j  java.lang.invoke.DirectMethodHandle$Holder.invokeStatic(Ljava/lang/Object;Ljava/lang/Object;Ljava/lang/Object;Ljava/lang/Object;Ljava/lang/Object;Ljava/lang/Object;)Ljava/lang/Object;+18 java.base@17.0.11
j  java.lang.invoke.DelegatingMethodHandle$Holder.delegate(Ljava/lang/Object;Ljava/lang/Object;Ljava/lang/Object;Ljava/lang/Object;Ljava/lang/Object;Ljava/lang/Object;)Ljava/lang/Object;+21 java.base@17.0.11
j  java.lang.invoke.Invokers$Holder.invokeExact_MT(Ljava/lang/Object;Ljava/lang/Object;Ljava/lang/Object;Ljava/lang/Object;Ljava/lang/Object;Ljava/lang/Object;Ljava/lang/Object;)Ljava/lang/Object;+26 java.base@17.0.11
j  java.lang.invoke.BootstrapMethodInvoker.invoke(Ljava/lang/Class;Ljava/lang/invoke/MethodHandle;Ljava/lang/String;Ljava/lang/Object;Ljava/lang/Object;Ljava/lang/Class;)Ljava/lang/Object;+157 java.base@17.0.11
j  java.lang.invoke.CallSite.makeSite(Ljava/lang/invoke/MethodHandle;Ljava/lang/String;Ljava/lang/invoke/MethodType;Ljava/lang/Object;Ljava/lang/Class;)Ljava/lang/invoke/CallSite;+8 java.base@17.0.11
j  java.lang.invoke.MethodHandleNatives.linkCallSiteImpl(Ljava/lang/Class;Ljava/lang/invoke/MethodHandle;Ljava/lang/String;Ljava/lang/invoke/MethodType;Ljava/lang/Object;[Ljava/lang/Object;)Ljava/lang/invoke/MemberName;+6 java.base@17.0.11
j  java.lang.invoke.MethodHandleNatives.linkCallSite(Ljava/lang/Object;ILjava/lang/Object;Ljava/lang/Object;Ljava/lang/Object;Ljava/lang/Object;[Ljava/lang/Object;)Ljava/lang/invoke/MemberName;+46 java.base@17.0.11
v  ~StubRoutines::call_stub
j  jdk.internal.net.http.Http2Connection.keyString(ZLjava/net/InetSocketAddress;Ljava/lang/String;I)Ljava/lang/String;+79 java.net.http@17.0.11
j  jdk.internal.net.http.Http2Connection.keyFor(Ljdk/internal/net/http/HttpRequestImpl;)Ljava/lang/String;+25 java.net.http@17.0.11
j  jdk.internal.net.http.Http2ClientImpl.getConnectionFor(Ljdk/internal/net/http/HttpRequestImpl;Ljdk/internal/net/http/Exchange;)Ljava/util/concurrent/CompletableFuture;+1 java.net.http@17.0.11
j  jdk.internal.net.http.ExchangeImpl.get(Ljdk/internal/net/http/Exchange;Ljdk/internal/net/http/HttpConnection;)Ljava/util/concurrent/CompletableFuture;+53 java.net.http@17.0.11
j  jdk.internal.net.http.Exchange.establishExchange(Ljdk/internal/net/http/HttpConnection;)Ljava/util/concurrent/CompletableFuture;+103 java.net.http@17.0.11
j  jdk.internal.net.http.Exchange.responseAsyncImpl0(Ljdk/internal/net/http/HttpConnection;)Ljava/util/concurrent/CompletableFuture;+65 java.net.http@17.0.11
j  jdk.internal.net.http.Exchange.responseAsyncImpl(Ljdk/internal/net/http/HttpConnection;)Ljava/util/concurrent/CompletableFuture;+16 java.net.http@17.0.11
j  jdk.internal.net.http.Exchange.responseAsync()Ljava/util/concurrent/CompletableFuture;+2 java.net.http@17.0.11
j  jdk.internal.net.http.MultiExchange.responseAsyncImpl()Ljava/util/concurrent/CompletableFuture;+100 java.net.http@17.0.11
j  jdk.internal.net.http.MultiExchange.lambda$responseAsync0$2(Ljava/lang/Void;)Ljava/util/concurrent/CompletionStage;+1 java.net.http@17.0.11
j  jdk.internal.net.http.MultiExchange$$Lambda$77+0x0000000800108c00.apply(Ljava/lang/Object;)Ljava/lang/Object;+8 java.net.http@17.0.11
j  java.util.concurrent.CompletableFuture$UniCompose.tryFire(I)Ljava/util/concurrent/CompletableFuture;+105 java.base@17.0.11
j  java.util.concurrent.CompletableFuture.postComplete()V+76 java.base@17.0.11
j  java.util.concurrent.CompletableFuture$AsyncSupply.run()V+57 java.base@17.0.11
j  jdk.internal.net.http.HttpClientImpl$DelegatingExecutor.execute(Ljava/lang/Runnable;)V+26 java.net.http@17.0.11
j  java.util.concurrent.CompletableFuture.completeAsync(Ljava/util/function/Supplier;Ljava/util/concurrent/Executor;)Ljava/util/concurrent/CompletableFuture;+26 java.base@17.0.11
j  jdk.internal.net.http.MultiExchange.responseAsync(Ljava/util/concurrent/Executor;)Ljava/util/concurrent/CompletableFuture;+29 java.net.http@17.0.11
j  jdk.internal.net.http.HttpClientImpl.sendAsync(Ljava/net/http/HttpRequest;Ljava/net/http/HttpResponse$BodyHandler;Ljava/net/http/HttpResponse$PushPromiseHandler;Ljava/util/concurrent/Executor;)Ljava/util/concurrent/CompletableFuture;+152 java.net.http@17.0.11
j  jdk.internal.net.http.HttpClientImpl.send(Ljava/net/http/HttpRequest;Ljava/net/http/HttpResponse$BodyHandler;)Ljava/net/http/HttpResponse;+21 java.net.http@17.0.11
j  jdk.internal.net.http.HttpClientFacade.send(Ljava/net/http/HttpRequest;Ljava/net/http/HttpResponse$BodyHandler;)Ljava/net/http/HttpResponse;+6 java.net.http@17.0.11
j  externalApp.ExternalAppUtil.sendIdeRequest(Ljava/lang/String;ILjava/lang/String;Ljava/lang/String;)LexternalApp/ExternalAppUtil$Result;+168
j  git4idea.http.GitAskPassApp.main([Ljava/lang/String;)V+37
v  ~StubRoutines::call_stub
new  187 new  [0x000002661036b740, 0x000002661036b960]  544 bytes
[MachCode]
  0x000002661036b740: 4883 ec08 | c5fa 1104 | 24eb 1f48 | 83ec 10c5 | fb11 0424 | eb14 4883 | ec10 4889 | 0424 48c7 
  0x000002661036b760: 4424 0800 | 0000 00eb | 0150 410f | b755 010f | cac1 ea10 | 488b 4de8 | 488b 4908 | 488b 4908 
  0x000002661036b780: 488b 4108 | 807c 1004 | 070f 85df | 0000 0066 | 8b54 d148 | 488b 4928 | 488b 4cd1 | 0851 80b9 
  0x000002661036b7a0: 5b01 0000 | 040f 85c2 | 0000 008b | 5108 f7c2 | 0100 0000 | 0f85 b300 | 0000 498b | 8708 0100 
  0x000002661036b7c0: 0048 8d1c | 1049 3b9f | 1801 0000 | 0f87 9b00 | 0000 4989 | 9f08 0100 | 00e9 0000 | 0000 4883 
  0x000002661036b7e0: ea10 0f84 | 0f00 0000 | 33c9 c1ea | 0348 894c | d008 48ff | ca75 f648 | c700 0100 | 0000 5933 
  0x000002661036b800: f689 700c | 49ba 0000 | 0000 0800 | 0000 492b | ca89 4808 | 49ba 693a | 40e7 ff7f | 0000 4180 
  0x000002661036b820: 3a00 0f84 | 4000 0000 | 5048 8bc8 | 4883 ec20 | f7c4 0f00 | 0000 0f84 | 1a00 0000 | 4883 ec08 
  0x000002661036b840: 49ba 50e4 | f5e6 ff7f | 0000 41ff | d248 83c4 | 08e9 0d00 | 0000 49ba | 50e4 f5e6 | ff7f 0000 
  0x000002661036b860: 41ff d248 | 83c4 2058 | e9cd 0000 | 0059 488b | 55e8 488b | 5208 488b | 5208 450f | b745 0141 
  0x000002661036b880: 0fc8 41c1 | e810 e805 | 0000 00e9 | aa00 0000 | 488d 4424 | 084c 896d | c049 8bcf | c5f8 7749 
  0x000002661036b8a0: 89af a802 | 0000 4989 | 8798 0200 | 0048 83ec | 20f7 c40f | 0000 000f | 841a 0000 | 0048 83ec 
  0x000002661036b8c0: 0849 ba00 | 62bf e6ff | 7f00 0041 | ffd2 4883 | c408 e90d | 0000 0049 | ba00 62bf | e6ff 7f00 
  0x000002661036b8e0: 0041 ffd2 | 4883 c420 | 49c7 8798 | 0200 0000 | 0000 0049 | c787 a802 | 0000 0000 | 0000 49c7 
  0x000002661036b900: 87a0 0200 | 0000 0000 | 00c5 f877 | 4981 7f08 | 0000 0000 | 0f84 0500 | 0000 e9e1 | 55fe ff49 
  0x000002661036b920: 8b87 f002 | 0000 49c7 | 87f0 0200 | 0000 0000 | 004c 8b6d | c04c 8b75 | c8c3 410f | b65d 0349 
  0x000002661036b940: 83c5 0349 | ba40 a742 | e7ff 7f00 | 0041 ff24 | da0f 1f80 | 0000 0000 | 0000 0000 | 0000 0000 
[/MachCode]

---------------  P R O C E S S  ---------------

Threads class SMR info:
_java_thread_list=0x0000026629267a80, length=14, elements={
0x00000266059404e0, 0x00000266242c4260, 0x00000266240e1330, 0x00000266242e4600,
0x00000266242e51c0, 0x00000266242da250, 0x00000266242dac10, 0x00000266242dbd10,
0x00000266242f1ff0, 0x00000266242f5530, 0x000002662448f3e0, 0x00000266244bf5e0,
0x0000026629131850, 0x00000266292ae020
}

Java Threads: ( => current thread )
=>0x00000266059404e0 JavaThread "main" [_thread_in_vm, id=17172, stack(0x00000083a1900000,0x00000083a1a00000)]
  0x00000266242c4260 JavaThread "Reference Handler" daemon [_thread_blocked, id=9964, stack(0x00000083a2000000,0x00000083a2100000)]
  0x00000266240e1330 JavaThread "Finalizer" daemon [_thread_blocked, id=19896, stack(0x00000083a2100000,0x00000083a2200000)]
  0x00000266242e4600 JavaThread "Signal Dispatcher" daemon [_thread_blocked, id=19328, stack(0x00000083a2200000,0x00000083a2300000)]
  0x00000266242e51c0 JavaThread "Attach Listener" daemon [_thread_blocked, id=11300, stack(0x00000083a2300000,0x00000083a2400000)]
  0x00000266242da250 JavaThread "Service Thread" daemon [_thread_blocked, id=12356, stack(0x00000083a2400000,0x00000083a2500000)]
  0x00000266242dac10 JavaThread "Monitor Deflation Thread" daemon [_thread_blocked, id=924, stack(0x00000083a2500000,0x00000083a2600000)]
  0x00000266242dbd10 JavaThread "C2 CompilerThread0" daemon [_thread_blocked, id=20388, stack(0x00000083a2600000,0x00000083a2700000)]
  0x00000266242f1ff0 JavaThread "C1 CompilerThread0" daemon [_thread_in_vm, id=8324, stack(0x00000083a2700000,0x00000083a2800000)]
  0x00000266242f5530 JavaThread "Sweeper thread" daemon [_thread_blocked, id=14164, stack(0x00000083a2800000,0x00000083a2900000)]
  0x000002662448f3e0 JavaThread "Notification Thread" daemon [_thread_blocked, id=5684, stack(0x00000083a2900000,0x00000083a2a00000)]
  0x00000266244bf5e0 JavaThread "Common-Cleaner" daemon [_thread_blocked, id=11180, stack(0x00000083a2b00000,0x00000083a2c00000)]
  0x0000026629131850 JavaThread "C2 CompilerThread1" daemon [_thread_blocked, id=19092, stack(0x00000083a2c00000,0x00000083a2d00000)]
  0x00000266292ae020 JavaThread "HttpClient-1-SelectorManager" daemon [_thread_in_native, id=9276, stack(0x00000083a2d00000,0x00000083a2e00000)]

Other Threads:
  0x00000266242b0020 VMThread "VM Thread" [stack: 0x00000083a1f00000,0x00000083a2000000] [id=13232]
  0x00000266244066a0 WatcherThread [stack: 0x00000083a2a00000,0x00000083a2b00000] [id=11000]
  0x00000266059abbd0 GCTaskThread "GC Thread#0" [stack: 0x00000083a1a00000,0x00000083a1b00000] [id=20100]
  0x00000266059bc7b0 ConcurrentGCThread "G1 Main Marker" [stack: 0x00000083a1b00000,0x00000083a1c00000] [id=12104]
  0x00000266059bd1d0 ConcurrentGCThread "G1 Conc#0" [stack: 0x00000083a1c00000,0x00000083a1d00000] [id=19088]
  0x0000026623fd7de0 ConcurrentGCThread "G1 Refine#0" [stack: 0x00000083a1d00000,0x00000083a1e00000] [id=9748]
  0x0000026623fd8810 ConcurrentGCThread "G1 Service" [stack: 0x00000083a1e00000,0x00000083a1f00000] [id=13960]

Threads with active compile tasks:
C1 CompilerThread0      499  785       3       java.lang.invoke.LambdaForm$BasicType::basicType (187 bytes)

VM state: not at safepoint (normal execution)

VM Mutex/Monitor currently owned by a thread:  ([mutex/lock_event])
[0x000002660593b3d0] Metaspace_lock - owner thread: 0x00000266059404e0
[0x000002660593d1f0] MethodData_lock - owner thread: 0x00000266242f1ff0

Heap address: 0x0000000703600000, size: 4042 MB, Compressed Oops mode: Zero based, Oop shift amount: 3

CDS archive(s) not mapped
Compressed class space mapped at: 0x0000000800000000-0x0000000840000000, reserved size: 1073741824
Narrow klass base: 0x0000000800000000, Narrow klass shift: 0, Narrow klass range: 0x40000000

GC Precious Log:
 CPUs: 8 total, 8 available
 Memory: 16165M
 Large Page Support: Disabled
 NUMA Support: Disabled
 Compressed Oops: Enabled (Zero based)
 Heap Region Size: 2M
 Heap Min Capacity: 8M
 Heap Initial Capacity: 254M
 Heap Max Capacity: 4042M
 Pre-touch: Disabled
 Parallel Workers: 8
 Concurrent Workers: 2
 Concurrent Refinement Workers: 8
 Periodic GC: Disabled

Heap:
 garbage-first heap   total 260096K, used 8192K [0x0000000703600000, 0x0000000800000000)
  region size 2048K, 5 young (10240K), 0 survivors (0K)
 Metaspace       used 13316K, committed 13504K, reserved 1114112K
  class space    used 1307K, committed 1408K, reserved 1048576K

Heap Regions: E=young(eden), S=young(survivor), O=old, HS=humongous(starts), HC=humongous(continues), CS=collection set, F=free, OA=open archive, CA=closed archive, TAMS=top-at-mark-start (previous, next)
|   0|0x0000000703600000, 0x0000000703600000, 0x0000000703800000|  0%| F|  |TAMS 0x0000000703600000, 0x0000000703600000| Untracked 
|   1|0x0000000703800000, 0x0000000703800000, 0x0000000703a00000|  0%| F|  |TAMS 0x0000000703800000, 0x0000000703800000| Untracked 
|   2|0x0000000703a00000, 0x0000000703a00000, 0x0000000703c00000|  0%| F|  |TAMS 0x0000000703a00000, 0x0000000703a00000| Untracked 
|   3|0x0000000703c00000, 0x0000000703c00000, 0x0000000703e00000|  0%| F|  |TAMS 0x0000000703c00000, 0x0000000703c00000| Untracked 
|   4|0x0000000703e00000, 0x0000000703e00000, 0x0000000704000000|  0%| F|  |TAMS 0x0000000703e00000, 0x0000000703e00000| Untracked 
|   5|0x0000000704000000, 0x0000000704000000, 0x0000000704200000|  0%| F|  |TAMS 0x0000000704000000, 0x0000000704000000| Untracked 
|   6|0x0000000704200000, 0x0000000704200000, 0x0000000704400000|  0%| F|  |TAMS 0x0000000704200000, 0x0000000704200000| Untracked 
|   7|0x0000000704400000, 0x0000000704400000, 0x0000000704600000|  0%| F|  |TAMS 0x0000000704400000, 0x0000000704400000| Untracked 
|   8|0x0000000704600000, 0x0000000704600000, 0x0000000704800000|  0%| F|  |TAMS 0x0000000704600000, 0x0000000704600000| Untracked 
|   9|0x0000000704800000, 0x0000000704800000, 0x0000000704a00000|  0%| F|  |TAMS 0x0000000704800000, 0x0000000704800000| Untracked 
|  10|0x0000000704a00000, 0x0000000704a00000, 0x0000000704c00000|  0%| F|  |TAMS 0x0000000704a00000, 0x0000000704a00000| Untracked 
|  11|0x0000000704c00000, 0x0000000704c00000, 0x0000000704e00000|  0%| F|  |TAMS 0x0000000704c00000, 0x0000000704c00000| Untracked 
|  12|0x0000000704e00000, 0x0000000704e00000, 0x0000000705000000|  0%| F|  |TAMS 0x0000000704e00000, 0x0000000704e00000| Untracked 
|  13|0x0000000705000000, 0x0000000705000000, 0x0000000705200000|  0%| F|  |TAMS 0x0000000705000000, 0x0000000705000000| Untracked 
|  14|0x0000000705200000, 0x0000000705200000, 0x0000000705400000|  0%| F|  |TAMS 0x0000000705200000, 0x0000000705200000| Untracked 
|  15|0x0000000705400000, 0x0000000705400000, 0x0000000705600000|  0%| F|  |TAMS 0x0000000705400000, 0x0000000705400000| Untracked 
|  16|0x0000000705600000, 0x0000000705600000, 0x0000000705800000|  0%| F|  |TAMS 0x0000000705600000, 0x0000000705600000| Untracked 
|  17|0x0000000705800000, 0x0000000705800000, 0x0000000705a00000|  0%| F|  |TAMS 0x0000000705800000, 0x0000000705800000| Untracked 
|  18|0x0000000705a00000, 0x0000000705a00000, 0x0000000705c00000|  0%| F|  |TAMS 0x0000000705a00000, 0x0000000705a00000| Untracked 
|  19|0x0000000705c00000, 0x0000000705c00000, 0x0000000705e00000|  0%| F|  |TAMS 0x0000000705c00000, 0x0000000705c00000| Untracked 
|  20|0x0000000705e00000, 0x0000000705e00000, 0x0000000706000000|  0%| F|  |TAMS 0x0000000705e00000, 0x0000000705e00000| Untracked 
|  21|0x0000000706000000, 0x0000000706000000, 0x0000000706200000|  0%| F|  |TAMS 0x0000000706000000, 0x0000000706000000| Untracked 
|  22|0x0000000706200000, 0x0000000706200000, 0x0000000706400000|  0%| F|  |TAMS 0x0000000706200000, 0x0000000706200000| Untracked 
|  23|0x0000000706400000, 0x0000000706400000, 0x0000000706600000|  0%| F|  |TAMS 0x0000000706400000, 0x0000000706400000| Untracked 
|  24|0x0000000706600000, 0x0000000706600000, 0x0000000706800000|  0%| F|  |TAMS 0x0000000706600000, 0x0000000706600000| Untracked 
|  25|0x0000000706800000, 0x0000000706800000, 0x0000000706a00000|  0%| F|  |TAMS 0x0000000706800000, 0x0000000706800000| Untracked 
|  26|0x0000000706a00000, 0x0000000706a00000, 0x0000000706c00000|  0%| F|  |TAMS 0x0000000706a00000, 0x0000000706a00000| Untracked 
|  27|0x0000000706c00000, 0x0000000706c00000, 0x0000000706e00000|  0%| F|  |TAMS 0x0000000706c00000, 0x0000000706c00000| Untracked 
|  28|0x0000000706e00000, 0x0000000706e00000, 0x0000000707000000|  0%| F|  |TAMS 0x0000000706e00000, 0x0000000706e00000| Untracked 
|  29|0x0000000707000000, 0x0000000707000000, 0x0000000707200000|  0%| F|  |TAMS 0x0000000707000000, 0x0000000707000000| Untracked 
|  30|0x0000000707200000, 0x0000000707200000, 0x0000000707400000|  0%| F|  |TAMS 0x0000000707200000, 0x0000000707200000| Untracked 
|  31|0x0000000707400000, 0x0000000707400000, 0x0000000707600000|  0%| F|  |TAMS 0x0000000707400000, 0x0000000707400000| Untracked 
|  32|0x0000000707600000, 0x0000000707600000, 0x0000000707800000|  0%| F|  |TAMS 0x0000000707600000, 0x0000000707600000| Untracked 
|  33|0x0000000707800000, 0x0000000707800000, 0x0000000707a00000|  0%| F|  |TAMS 0x0000000707800000, 0x0000000707800000| Untracked 
|  34|0x0000000707a00000, 0x0000000707a00000, 0x0000000707c00000|  0%| F|  |TAMS 0x0000000707a00000, 0x0000000707a00000| Untracked 
|  35|0x0000000707c00000, 0x0000000707c00000, 0x0000000707e00000|  0%| F|  |TAMS 0x0000000707c00000, 0x0000000707c00000| Untracked 
|  36|0x0000000707e00000, 0x0000000707e00000, 0x0000000708000000|  0%| F|  |TAMS 0x0000000707e00000, 0x0000000707e00000| Untracked 
|  37|0x0000000708000000, 0x0000000708000000, 0x0000000708200000|  0%| F|  |TAMS 0x0000000708000000, 0x0000000708000000| Untracked 
|  38|0x0000000708200000, 0x0000000708200000, 0x0000000708400000|  0%| F|  |TAMS 0x0000000708200000, 0x0000000708200000| Untracked 
|  39|0x0000000708400000, 0x0000000708400000, 0x0000000708600000|  0%| F|  |TAMS 0x0000000708400000, 0x0000000708400000| Untracked 
|  40|0x0000000708600000, 0x0000000708600000, 0x0000000708800000|  0%| F|  |TAMS 0x0000000708600000, 0x0000000708600000| Untracked 
|  41|0x0000000708800000, 0x0000000708800000, 0x0000000708a00000|  0%| F|  |TAMS 0x0000000708800000, 0x0000000708800000| Untracked 
|  42|0x0000000708a00000, 0x0000000708a00000, 0x0000000708c00000|  0%| F|  |TAMS 0x0000000708a00000, 0x0000000708a00000| Untracked 
|  43|0x0000000708c00000, 0x0000000708c00000, 0x0000000708e00000|  0%| F|  |TAMS 0x0000000708c00000, 0x0000000708c00000| Untracked 
|  44|0x0000000708e00000, 0x0000000708e00000, 0x0000000709000000|  0%| F|  |TAMS 0x0000000708e00000, 0x0000000708e00000| Untracked 
|  45|0x0000000709000000, 0x0000000709000000, 0x0000000709200000|  0%| F|  |TAMS 0x0000000709000000, 0x0000000709000000| Untracked 
|  46|0x0000000709200000, 0x0000000709200000, 0x0000000709400000|  0%| F|  |TAMS 0x0000000709200000, 0x0000000709200000| Untracked 
|  47|0x0000000709400000, 0x0000000709400000, 0x0000000709600000|  0%| F|  |TAMS 0x0000000709400000, 0x0000000709400000| Untracked 
|  48|0x0000000709600000, 0x0000000709600000, 0x0000000709800000|  0%| F|  |TAMS 0x0000000709600000, 0x0000000709600000| Untracked 
|  49|0x0000000709800000, 0x0000000709800000, 0x0000000709a00000|  0%| F|  |TAMS 0x0000000709800000, 0x0000000709800000| Untracked 
|  50|0x0000000709a00000, 0x0000000709a00000, 0x0000000709c00000|  0%| F|  |TAMS 0x0000000709a00000, 0x0000000709a00000| Untracked 
|  51|0x0000000709c00000, 0x0000000709c00000, 0x0000000709e00000|  0%| F|  |TAMS 0x0000000709c00000, 0x0000000709c00000| Untracked 
|  52|0x0000000709e00000, 0x0000000709e00000, 0x000000070a000000|  0%| F|  |TAMS 0x0000000709e00000, 0x0000000709e00000| Untracked 
|  53|0x000000070a000000, 0x000000070a000000, 0x000000070a200000|  0%| F|  |TAMS 0x000000070a000000, 0x000000070a000000| Untracked 
|  54|0x000000070a200000, 0x000000070a200000, 0x000000070a400000|  0%| F|  |TAMS 0x000000070a200000, 0x000000070a200000| Untracked 
|  55|0x000000070a400000, 0x000000070a400000, 0x000000070a600000|  0%| F|  |TAMS 0x000000070a400000, 0x000000070a400000| Untracked 
|  56|0x000000070a600000, 0x000000070a600000, 0x000000070a800000|  0%| F|  |TAMS 0x000000070a600000, 0x000000070a600000| Untracked 
|  57|0x000000070a800000, 0x000000070a800000, 0x000000070aa00000|  0%| F|  |TAMS 0x000000070a800000, 0x000000070a800000| Untracked 
|  58|0x000000070aa00000, 0x000000070aa00000, 0x000000070ac00000|  0%| F|  |TAMS 0x000000070aa00000, 0x000000070aa00000| Untracked 
|  59|0x000000070ac00000, 0x000000070ac00000, 0x000000070ae00000|  0%| F|  |TAMS 0x000000070ac00000, 0x000000070ac00000| Untracked 
|  60|0x000000070ae00000, 0x000000070ae00000, 0x000000070b000000|  0%| F|  |TAMS 0x000000070ae00000, 0x000000070ae00000| Untracked 
|  61|0x000000070b000000, 0x000000070b000000, 0x000000070b200000|  0%| F|  |TAMS 0x000000070b000000, 0x000000070b000000| Untracked 
|  62|0x000000070b200000, 0x000000070b200000, 0x000000070b400000|  0%| F|  |TAMS 0x000000070b200000, 0x000000070b200000| Untracked 
|  63|0x000000070b400000, 0x000000070b400000, 0x000000070b600000|  0%| F|  |TAMS 0x000000070b400000, 0x000000070b400000| Untracked 
|  64|0x000000070b600000, 0x000000070b600000, 0x000000070b800000|  0%| F|  |TAMS 0x000000070b600000, 0x000000070b600000| Untracked 
|  65|0x000000070b800000, 0x000000070b800000, 0x000000070ba00000|  0%| F|  |TAMS 0x000000070b800000, 0x000000070b800000| Untracked 
|  66|0x000000070ba00000, 0x000000070ba00000, 0x000000070bc00000|  0%| F|  |TAMS 0x000000070ba00000, 0x000000070ba00000| Untracked 
|  67|0x000000070bc00000, 0x000000070bc00000, 0x000000070be00000|  0%| F|  |TAMS 0x000000070bc00000, 0x000000070bc00000| Untracked 
|  68|0x000000070be00000, 0x000000070be00000, 0x000000070c000000|  0%| F|  |TAMS 0x000000070be00000, 0x000000070be00000| Untracked 
|  69|0x000000070c000000, 0x000000070c000000, 0x000000070c200000|  0%| F|  |TAMS 0x000000070c000000, 0x000000070c000000| Untracked 
|  70|0x000000070c200000, 0x000000070c200000, 0x000000070c400000|  0%| F|  |TAMS 0x000000070c200000, 0x000000070c200000| Untracked 
|  71|0x000000070c400000, 0x000000070c400000, 0x000000070c600000|  0%| F|  |TAMS 0x000000070c400000, 0x000000070c400000| Untracked 
|  72|0x000000070c600000, 0x000000070c600000, 0x000000070c800000|  0%| F|  |TAMS 0x000000070c600000, 0x000000070c600000| Untracked 
|  73|0x000000070c800000, 0x000000070c800000, 0x000000070ca00000|  0%| F|  |TAMS 0x000000070c800000, 0x000000070c800000| Untracked 
|  74|0x000000070ca00000, 0x000000070ca00000, 0x000000070cc00000|  0%| F|  |TAMS 0x000000070ca00000, 0x000000070ca00000| Untracked 
|  75|0x000000070cc00000, 0x000000070cc00000, 0x000000070ce00000|  0%| F|  |TAMS 0x000000070cc00000, 0x000000070cc00000| Untracked 
|  76|0x000000070ce00000, 0x000000070ce00000, 0x000000070d000000|  0%| F|  |TAMS 0x000000070ce00000, 0x000000070ce00000| Untracked 
|  77|0x000000070d000000, 0x000000070d000000, 0x000000070d200000|  0%| F|  |TAMS 0x000000070d000000, 0x000000070d000000| Untracked 
|  78|0x000000070d200000, 0x000000070d200000, 0x000000070d400000|  0%| F|  |TAMS 0x000000070d200000, 0x000000070d200000| Untracked 
|  79|0x000000070d400000, 0x000000070d400000, 0x000000070d600000|  0%| F|  |TAMS 0x000000070d400000, 0x000000070d400000| Untracked 
|  80|0x000000070d600000, 0x000000070d600000, 0x000000070d800000|  0%| F|  |TAMS 0x000000070d600000, 0x000000070d600000| Untracked 
|  81|0x000000070d800000, 0x000000070d800000, 0x000000070da00000|  0%| F|  |TAMS 0x000000070d800000, 0x000000070d800000| Untracked 
|  82|0x000000070da00000, 0x000000070da00000, 0x000000070dc00000|  0%| F|  |TAMS 0x000000070da00000, 0x000000070da00000| Untracked 
|  83|0x000000070dc00000, 0x000000070dc00000, 0x000000070de00000|  0%| F|  |TAMS 0x000000070dc00000, 0x000000070dc00000| Untracked 
|  84|0x000000070de00000, 0x000000070de00000, 0x000000070e000000|  0%| F|  |TAMS 0x000000070de00000, 0x000000070de00000| Untracked 
|  85|0x000000070e000000, 0x000000070e000000, 0x000000070e200000|  0%| F|  |TAMS 0x000000070e000000, 0x000000070e000000| Untracked 
|  86|0x000000070e200000, 0x000000070e200000, 0x000000070e400000|  0%| F|  |TAMS 0x000000070e200000, 0x000000070e200000| Untracked 
|  87|0x000000070e400000, 0x000000070e400000, 0x000000070e600000|  0%| F|  |TAMS 0x000000070e400000, 0x000000070e400000| Untracked 
|  88|0x000000070e600000, 0x000000070e600000, 0x000000070e800000|  0%| F|  |TAMS 0x000000070e600000, 0x000000070e600000| Untracked 
|  89|0x000000070e800000, 0x000000070e800000, 0x000000070ea00000|  0%| F|  |TAMS 0x000000070e800000, 0x000000070e800000| Untracked 
|  90|0x000000070ea00000, 0x000000070ea00000, 0x000000070ec00000|  0%| F|  |TAMS 0x000000070ea00000, 0x000000070ea00000| Untracked 
|  91|0x000000070ec00000, 0x000000070ec00000, 0x000000070ee00000|  0%| F|  |TAMS 0x000000070ec00000, 0x000000070ec00000| Untracked 
|  92|0x000000070ee00000, 0x000000070ee00000, 0x000000070f000000|  0%| F|  |TAMS 0x000000070ee00000, 0x000000070ee00000| Untracked 
|  93|0x000000070f000000, 0x000000070f000000, 0x000000070f200000|  0%| F|  |TAMS 0x000000070f000000, 0x000000070f000000| Untracked 
|  94|0x000000070f200000, 0x000000070f200000, 0x000000070f400000|  0%| F|  |TAMS 0x000000070f200000, 0x000000070f200000| Untracked 
|  95|0x000000070f400000, 0x000000070f400000, 0x000000070f600000|  0%| F|  |TAMS 0x000000070f400000, 0x000000070f400000| Untracked 
|  96|0x000000070f600000, 0x000000070f600000, 0x000000070f800000|  0%| F|  |TAMS 0x000000070f600000, 0x000000070f600000| Untracked 
|  97|0x000000070f800000, 0x000000070f800000, 0x000000070fa00000|  0%| F|  |TAMS 0x000000070f800000, 0x000000070f800000| Untracked 
|  98|0x000000070fa00000, 0x000000070fa00000, 0x000000070fc00000|  0%| F|  |TAMS 0x000000070fa00000, 0x000000070fa00000| Untracked 
|  99|0x000000070fc00000, 0x000000070fc00000, 0x000000070fe00000|  0%| F|  |TAMS 0x000000070fc00000, 0x000000070fc00000| Untracked 
| 100|0x000000070fe00000, 0x000000070fe00000, 0x0000000710000000|  0%| F|  |TAMS 0x000000070fe00000, 0x000000070fe00000| Untracked 
| 101|0x0000000710000000, 0x0000000710000000, 0x0000000710200000|  0%| F|  |TAMS 0x0000000710000000, 0x0000000710000000| Untracked 
| 102|0x0000000710200000, 0x0000000710200000, 0x0000000710400000|  0%| F|  |TAMS 0x0000000710200000, 0x0000000710200000| Untracked 
| 103|0x0000000710400000, 0x0000000710400000, 0x0000000710600000|  0%| F|  |TAMS 0x0000000710400000, 0x0000000710400000| Untracked 
| 104|0x0000000710600000, 0x0000000710600000, 0x0000000710800000|  0%| F|  |TAMS 0x0000000710600000, 0x0000000710600000| Untracked 
| 105|0x0000000710800000, 0x0000000710800000, 0x0000000710a00000|  0%| F|  |TAMS 0x0000000710800000, 0x0000000710800000| Untracked 
| 106|0x0000000710a00000, 0x0000000710a00000, 0x0000000710c00000|  0%| F|  |TAMS 0x0000000710a00000, 0x0000000710a00000| Untracked 
| 107|0x0000000710c00000, 0x0000000710c00000, 0x0000000710e00000|  0%| F|  |TAMS 0x0000000710c00000, 0x0000000710c00000| Untracked 
| 108|0x0000000710e00000, 0x0000000710e00000, 0x0000000711000000|  0%| F|  |TAMS 0x0000000710e00000, 0x0000000710e00000| Untracked 
| 109|0x0000000711000000, 0x0000000711000000, 0x0000000711200000|  0%| F|  |TAMS 0x0000000711000000, 0x0000000711000000| Untracked 
| 110|0x0000000711200000, 0x0000000711200000, 0x0000000711400000|  0%| F|  |TAMS 0x0000000711200000, 0x0000000711200000| Untracked 
| 111|0x0000000711400000, 0x0000000711400000, 0x0000000711600000|  0%| F|  |TAMS 0x0000000711400000, 0x0000000711400000| Untracked 
| 112|0x0000000711600000, 0x0000000711600000, 0x0000000711800000|  0%| F|  |TAMS 0x0000000711600000, 0x0000000711600000| Untracked 
| 113|0x0000000711800000, 0x0000000711800000, 0x0000000711a00000|  0%| F|  |TAMS 0x0000000711800000, 0x0000000711800000| Untracked 
| 114|0x0000000711a00000, 0x0000000711a00000, 0x0000000711c00000|  0%| F|  |TAMS 0x0000000711a00000, 0x0000000711a00000| Untracked 
| 115|0x0000000711c00000, 0x0000000711c00000, 0x0000000711e00000|  0%| F|  |TAMS 0x0000000711c00000, 0x0000000711c00000| Untracked 
| 116|0x0000000711e00000, 0x0000000711e00000, 0x0000000712000000|  0%| F|  |TAMS 0x0000000711e00000, 0x0000000711e00000| Untracked 
| 117|0x0000000712000000, 0x0000000712000000, 0x0000000712200000|  0%| F|  |TAMS 0x0000000712000000, 0x0000000712000000| Untracked 
| 118|0x0000000712200000, 0x0000000712200000, 0x0000000712400000|  0%| F|  |TAMS 0x0000000712200000, 0x0000000712200000| Untracked 
| 119|0x0000000712400000, 0x0000000712400000, 0x0000000712600000|  0%| F|  |TAMS 0x0000000712400000, 0x0000000712400000| Untracked 
| 120|0x0000000712600000, 0x0000000712600000, 0x0000000712800000|  0%| F|  |TAMS 0x0000000712600000, 0x0000000712600000| Untracked 
| 121|0x0000000712800000, 0x0000000712800000, 0x0000000712a00000|  0%| F|  |TAMS 0x0000000712800000, 0x0000000712800000| Untracked 
| 122|0x0000000712a00000, 0x0000000712b6da58, 0x0000000712c00000| 71%| E|  |TAMS 0x0000000712a00000, 0x0000000712a00000| Complete 
| 123|0x0000000712c00000, 0x0000000712e00000, 0x0000000712e00000|100%| E|CS|TAMS 0x0000000712c00000, 0x0000000712c00000| Complete 
| 124|0x0000000712e00000, 0x0000000713000000, 0x0000000713000000|100%| E|CS|TAMS 0x0000000712e00000, 0x0000000712e00000| Complete 
| 125|0x0000000713000000, 0x0000000713200000, 0x0000000713200000|100%| E|CS|TAMS 0x0000000713000000, 0x0000000713000000| Complete 
| 126|0x0000000713200000, 0x0000000713400000, 0x0000000713400000|100%| E|CS|TAMS 0x0000000713200000, 0x0000000713200000| Complete 

Card table byte_map: [0x0000026618950000,0x0000026619140000] _byte_map_base: 0x0000026615135000

Marking Bits (Prev, Next): (CMBitMap*) 0x00000266059ac1f0, (CMBitMap*) 0x00000266059ac230
 Prev Bits: [0x0000026619930000, 0x000002661d858000)
 Next Bits: [0x000002661d860000, 0x0000026621788000)

Polling page: 0x0000026603870000

Metaspace:

Usage:
  Non-class:     11.73 MB used.
      Class:      1.28 MB used.
       Both:     13.00 MB used.

Virtual space:
  Non-class space:       64.00 MB reserved,      11.81 MB ( 18%) committed,  1 nodes.
      Class space:        1.00 GB reserved,       1.38 MB ( <1%) committed,  1 nodes.
             Both:        1.06 GB reserved,      13.19 MB (  1%) committed. 

Chunk freelists:
   Non-Class:  3.93 MB
       Class:  14.65 MB
        Both:  18.58 MB

MaxMetaspaceSize: unlimited
CompressedClassSpaceSize: 1.00 GB
Initial GC threshold: 21.00 MB
Current GC threshold: 21.00 MB
CDS: off
MetaspaceReclaimPolicy: balanced
 - commit_granule_bytes: 65536.
 - commit_granule_words: 8192.
 - virtual_space_node_default_size: 8388608.
 - enlarge_chunks_in_place: 1.
 - new_chunks_are_fully_committed: 0.
 - uncommit_free_chunks: 1.
 - use_allocation_guard: 0.
 - handle_deallocations: 1.


Internal statistics:

num_allocs_failed_limit: 0.
num_arena_births: 84.
num_arena_deaths: 0.
num_vsnodes_births: 2.
num_vsnodes_deaths: 0.
num_space_committed: 211.
num_space_uncommitted: 0.
num_chunks_returned_to_freelist: 0.
num_chunks_taken_from_freelist: 171.
num_chunk_merges: 0.
num_chunk_splits: 102.
num_chunks_enlarged: 65.
num_inconsistent_stats: 0.

CodeHeap 'non-profiled nmethods': size=120000Kb used=241Kb max_used=241Kb free=119758Kb
 bounds [0x00000266108f0000, 0x0000026610b60000, 0x0000026617e20000]
CodeHeap 'profiled nmethods': size=120000Kb used=1149Kb max_used=1149Kb free=118850Kb
 bounds [0x0000026608e20000, 0x0000026609090000, 0x0000026610350000]
CodeHeap 'non-nmethods': size=5760Kb used=1173Kb max_used=1190Kb free=4586Kb
 bounds [0x0000026610350000, 0x00000266105c0000, 0x00000266108f0000]
 total_blobs=1252 nmethods=785 adapters=380
 compilation: enabled
              stopped_count=0, restarted_count=0
 full_count=0

Compilation events (20 events):
Event: 0.473 Thread 0x00000266242f1ff0 nmethod 767 0x0000026608f3be10 code [0x0000026608f3bfc0, 0x0000026608f3c1f8]
Event: 0.473 Thread 0x00000266242f1ff0  765       3       sun.invoke.util.Wrapper::stackSlots (9 bytes)
Event: 0.473 Thread 0x00000266242f1ff0 nmethod 765 0x0000026608f3c310 code [0x0000026608f3c4a0, 0x0000026608f3c5b8]
Event: 0.474 Thread 0x00000266242f1ff0  769       3       java.util.ImmutableCollections$ListN::size (6 bytes)
Event: 0.474 Thread 0x00000266242f1ff0 nmethod 769 0x0000026608f3c690 code [0x0000026608f3c820, 0x0000026608f3c938]
Event: 0.474 Thread 0x00000266242f1ff0  770       3       java.lang.invoke.LambdaForm$Name::isParam (13 bytes)
Event: 0.474 Thread 0x00000266242f1ff0 nmethod 770 0x0000026608f3ca10 code [0x0000026608f3cba0, 0x0000026608f3cd18]
Event: 0.475 Thread 0x00000266242f1ff0  776       3       java.lang.Integer::stringSize (47 bytes)
Event: 0.475 Thread 0x00000266242f1ff0 nmethod 776 0x0000026608f3cd90 code [0x0000026608f3cf40, 0x0000026608f3d198]
Event: 0.475 Thread 0x00000266242f1ff0  777       3       java.lang.Integer::getChars (131 bytes)
Event: 0.475 Thread 0x00000266242f1ff0 nmethod 777 0x0000026608f3d290 code [0x0000026608f3d460, 0x0000026608f3d898]
Event: 0.475 Thread 0x00000266242f1ff0  780       3       java.lang.invoke.LambdaForm$Name::<init> (44 bytes)
Event: 0.476 Thread 0x00000266242f1ff0 nmethod 780 0x0000026608f3db10 code [0x0000026608f3dd20, 0x0000026608f3e308]
Event: 0.476 Thread 0x00000266242f1ff0  781       3       java.lang.invoke.LambdaForm$NamedFunction::returnType (11 bytes)
Event: 0.476 Thread 0x00000266242f1ff0 nmethod 781 0x0000026608f3e610 code [0x0000026608f3e800, 0x0000026608f3ec88]
Event: 0.476 Thread 0x00000266242f1ff0  783       3       jdk.internal.org.objectweb.asm.ByteVector::put11 (52 bytes)
Event: 0.476 Thread 0x00000266242f1ff0 nmethod 783 0x0000026608f3ee90 code [0x0000026608f3f040, 0x0000026608f3f268]
Event: 0.476 Thread 0x00000266242f1ff0  784       3       jdk.internal.org.objectweb.asm.Frame::pop (44 bytes)
Event: 0.476 Thread 0x00000266242f1ff0 nmethod 784 0x0000026608f3f390 code [0x0000026608f3f520, 0x0000026608f3f6b8]
Event: 0.476 Thread 0x00000266242f1ff0  785       3       java.lang.invoke.LambdaForm$BasicType::basicType (187 bytes)

GC Heap History (0 events):
No events

Dll operation events (1 events):
Event: 0.006 Loaded shared library C:\Program Files\Android\Android Studio1\jbr\bin\java.dll

Deoptimization events (12 events):
Event: 0.319 Thread 0x00000266059404e0 DEOPT PACKING pc=0x0000026608e511ad sp=0x00000083a19fe010
Event: 0.319 Thread 0x00000266059404e0 DEOPT UNPACKING pc=0x00000266103a7143 sp=0x00000083a19fd4a8 mode 0
Event: 0.322 Thread 0x00000266059404e0 DEOPT PACKING pc=0x0000026608e511ad sp=0x00000083a19fe010
Event: 0.322 Thread 0x00000266059404e0 DEOPT UNPACKING pc=0x00000266103a7143 sp=0x00000083a19fd4a8 mode 0
Event: 0.417 Thread 0x00000266059404e0 DEOPT PACKING pc=0x0000026608e34fe7 sp=0x00000083a19fca30
Event: 0.417 Thread 0x00000266059404e0 DEOPT UNPACKING pc=0x00000266103a7143 sp=0x00000083a19fbe50 mode 0
Event: 0.438 Thread 0x00000266059404e0 Uncommon trap: trap_request=0xffffff45 fr.pc=0x000002661090839c relative=0x00000000000003fc
Event: 0.438 Thread 0x00000266059404e0 Uncommon trap: reason=unstable_if action=reinterpret pc=0x000002661090839c method=java.lang.StringLatin1.newString([BII)Ljava/lang/String; @ 1 c2
Event: 0.438 Thread 0x00000266059404e0 DEOPT PACKING pc=0x000002661090839c sp=0x00000083a19fe7c0
Event: 0.438 Thread 0x00000266059404e0 DEOPT UNPACKING pc=0x00000266103a69a3 sp=0x00000083a19fe788 mode 2
Event: 0.459 Thread 0x00000266059404e0 DEOPT PACKING pc=0x0000026608e33fd1 sp=0x00000083a19fe4c0
Event: 0.459 Thread 0x00000266059404e0 DEOPT UNPACKING pc=0x00000266103a7143 sp=0x00000083a19fd938 mode 0

Classes unloaded (0 events):
No events

Classes redefined (0 events):
No events

Internal exceptions (17 events):
Event: 0.210 Thread 0x00000266059404e0 Exception <a 'sun/nio/fs/WindowsException'{0x00000007130d7d18}> (0x00000007130d7d18) 
thrown [s\src\hotspot\share\prims\jni.cpp, line 531]
Event: 0.238 Thread 0x00000266059404e0 Exception <a 'java/lang/NoSuchMethodError'{0x0000000713103a88}: 'int java.lang.invoke.DirectMethodHandle$Holder.invokeStaticInit(java.lang.Object, java.lang.Object, java.lang.Object, java.lang.Object)'> (0x0000000713103a88) 
thrown [s\src\hotspot\share\interpreter\linkResolver.cpp, line 771]
Event: 0.239 Thread 0x00000266059404e0 Exception <a 'java/lang/NoSuchMethodError'{0x000000071310e758}: 'java.lang.Object java.lang.invoke.DirectMethodHandle$Holder.invokeInterface(java.lang.Object, java.lang.Object)'> (0x000000071310e758) 
thrown [s\src\hotspot\share\interpreter\linkResolver.cpp, line 771]
Event: 0.239 Thread 0x00000266059404e0 Exception <a 'java/lang/IncompatibleClassChangeError'{0x0000000713112078}: Found class java.lang.Object, but interface was expected> (0x0000000713112078) 
thrown [s\src\hotspot\share\interpreter\linkResolver.cpp, line 838]
Event: 0.240 Thread 0x00000266059404e0 Exception <a 'java/lang/NoSuchMethodError'{0x0000000713115428}: 'void java.lang.invoke.DirectMethodHandle$Holder.invokeStatic(java.lang.Object, java.lang.Object)'> (0x0000000713115428) 
thrown [s\src\hotspot\share\interpreter\linkResolver.cpp, line 771]
Event: 0.241 Thread 0x00000266059404e0 Exception <a 'java/lang/NoSuchMethodError'{0x0000000713118d40}: 'void java.lang.invoke.DirectMethodHandle$Holder.invokeStaticInit(java.lang.Object, java.lang.Object)'> (0x0000000713118d40) 
thrown [s\src\hotspot\share\interpreter\linkResolver.cpp, line 771]
Event: 0.242 Thread 0x00000266059404e0 Exception <a 'java/lang/NoSuchMethodError'{0x000000071311f5d8}: 'int java.lang.invoke.DirectMethodHandle$Holder.invokeStaticInit(java.lang.Object, java.lang.Object)'> (0x000000071311f5d8) 
thrown [s\src\hotspot\share\interpreter\linkResolver.cpp, line 771]
Event: 0.279 Thread 0x00000266059404e0 Exception <a 'java/lang/NoSuchMethodError'{0x0000000712e06730}: 'java.lang.Object java.lang.invoke.DirectMethodHandle$Holder.invokeStaticInit(java.lang.Object, int, int, int, int)'> (0x0000000712e06730) 
thrown [s\src\hotspot\share\interpreter\linkResolver.cpp, line 771]
Event: 0.327 Thread 0x00000266059404e0 Exception <a 'java/lang/NoSuchMethodError'{0x0000000712ed6028}: 'java.lang.Object java.lang.invoke.DirectMethodHandle$Holder.invokeStaticInit(java.lang.Object, java.lang.Object, int, int, int, int)'> (0x0000000712ed6028) 
thrown [s\src\hotspot\share\interpreter\linkResolver.cpp, line 771]
Event: 0.335 Thread 0x00000266059404e0 Exception <a 'java/lang/NoSuchMethodError'{0x0000000712f3f780}: 'java.lang.Object java.lang.invoke.DirectMethodHandle$Holder.invokeStatic(java.lang.Object, java.lang.Object, int)'> (0x0000000712f3f780) 
thrown [s\src\hotspot\share\interpreter\linkResolver.cpp, line 771]
Event: 0.335 Thread 0x00000266059404e0 Exception <a 'java/lang/NoSuchMethodError'{0x0000000712f42ef8}: 'java.lang.Object java.lang.invoke.DirectMethodHandle$Holder.invokeStaticInit(java.lang.Object, java.lang.Object, int)'> (0x0000000712f42ef8) 
thrown [s\src\hotspot\share\interpreter\linkResolver.cpp, line 771]
Event: 0.336 Thread 0x00000266059404e0 Exception <a 'java/lang/NoSuchMethodError'{0x0000000712f492a8}: 'java.lang.Object java.lang.invoke.DirectMethodHandle$Holder.newInvokeSpecial(java.lang.Object, java.lang.Object, int)'> (0x0000000712f492a8) 
thrown [s\src\hotspot\share\interpreter\linkResolver.cpp, line 771]
Event: 0.339 Thread 0x00000266059404e0 Exception <a 'java/lang/NoSuchMethodError'{0x0000000712f58df0}: 'int java.lang.invoke.DirectMethodHandle$Holder.invokeStaticInit(java.lang.Object, java.lang.Object, java.lang.Object)'> (0x0000000712f58df0) 
thrown [s\src\hotspot\share\interpreter\linkResolver.cpp, line 771]
Event: 0.341 Thread 0x00000266059404e0 Exception <a 'java/lang/NoSuchMethodError'{0x0000000712f68fd0}: 'int java.lang.invoke.DirectMethodHandle$Holder.invokeSpecial(java.lang.Object, java.lang.Object, java.lang.Object)'> (0x0000000712f68fd0) 
thrown [s\src\hotspot\share\interpreter\linkResolver.cpp, line 771]
Event: 0.343 Thread 0x00000266059404e0 Exception <a 'java/lang/NoSuchMethodError'{0x0000000712f713b0}: 'int java.lang.invoke.DirectMethodHandle$Holder.invokeSpecialIFC(java.lang.Object, java.lang.Object, java.lang.Object)'> (0x0000000712f713b0) 
thrown [s\src\hotspot\share\interpreter\linkResolver.cpp, line 771]
Event: 0.373 Thread 0x00000266059404e0 Exception <a 'java/lang/NoSuchMethodError'{0x0000000712ffd110}: 'java.lang.Object java.lang.invoke.DirectMethodHandle$Holder.invokeStaticInit(java.lang.Object)'> (0x0000000712ffd110) 
thrown [s\src\hotspot\share\interpreter\linkResolver.cpp, line 771]
Event: 0.448 Thread 0x00000266059404e0 Exception <a 'java/lang/NoSuchMethodError'{0x0000000712d9a108}: 'java.lang.Object java.lang.invoke.DirectMethodHandle$Holder.newInvokeSpecial(java.lang.Object, java.lang.Object, java.lang.Object, java.lang.Object, java.lang.Object)'> (0x0000000712d9a108) 
thrown [s\src\hotspot\share\interpreter\linkResolver.cpp, line 771]

VM Operations (8 events):
Event: 0.112 Executing VM operation: HandshakeAllThreads
Event: 0.112 Executing VM operation: HandshakeAllThreads done
Event: 0.126 Executing VM operation: HandshakeAllThreads
Event: 0.126 Executing VM operation: HandshakeAllThreads done
Event: 0.289 Executing VM operation: HandshakeAllThreads
Event: 0.289 Executing VM operation: HandshakeAllThreads done
Event: 0.376 Executing VM operation: HandshakeAllThreads
Event: 0.376 Executing VM operation: HandshakeAllThreads done

Events (20 events):
Event: 0.459 loading class java/util/concurrent/CompletableFuture$UniCompose done
Event: 0.459 loading class java/util/concurrent/ForkJoinTask$Aux
Event: 0.460 loading class java/util/concurrent/ForkJoinTask$Aux done
Event: 0.461 loading class java/util/concurrent/CompletableFuture$UniComposeExceptionally
Event: 0.461 loading class java/util/concurrent/CompletableFuture$UniComposeExceptionally done
Event: 0.461 loading class java/util/concurrent/CompletableFuture$AsyncSupply
Event: 0.461 loading class java/util/concurrent/CompletableFuture$AsyncSupply done
Event: 0.468 loading class java/net/InetSocketAddress$InetSocketAddressHolder
Event: 0.468 loading class java/net/InetSocketAddress$InetSocketAddressHolder done
Event: 0.471 loading class java/lang/invoke/BoundMethodHandle$Species_LLLLL
Event: 0.472 loading class java/lang/invoke/BoundMethodHandle$Species_LLLLL done
Event: 0.473 loading class java/lang/invoke/BoundMethodHandle$Species_LLLLLL
Event: 0.473 loading class java/lang/invoke/BoundMethodHandle$Species_LLLLLL done
Event: 0.473 loading class java/lang/invoke/BoundMethodHandle$Species_LLLLLLL
Event: 0.473 loading class java/lang/invoke/BoundMethodHandle$Species_LLLLLLL done
Event: 0.475 loading class java/lang/invoke/BoundMethodHandle$Species_LLLLLLLL
Event: 0.475 loading class java/lang/invoke/BoundMethodHandle$Species_LLLLLLLL done
Event: 0.475 loading class java/lang/invoke/BoundMethodHandle$Species_LLLLLLLLL
Event: 0.476 loading class java/lang/invoke/BoundMethodHandle$Species_LLLLLLLLL done
Event: 0.476 loading class java/lang/invoke/LambdaFormEditor$1


Dynamic libraries:
0x00007ff7996e0000 - 0x00007ff7996ea000 	C:\Program Files\Android\Android Studio1\jbr\bin\java.exe
0x00007ff8a25f0000 - 0x00007ff8a27e8000 	C:\WINDOWS\SYSTEM32\ntdll.dll
0x00007ff8a0d30000 - 0x00007ff8a0df1000 	C:\WINDOWS\System32\KERNEL32.DLL
0x00007ff89fd20000 - 0x00007ff8a001d000 	C:\WINDOWS\System32\KERNELBASE.dll
0x00007ff8a0520000 - 0x00007ff8a0620000 	C:\WINDOWS\System32\ucrtbase.dll
0x00007ff872290000 - 0x00007ff8722ab000 	C:\Program Files\Android\Android Studio1\jbr\bin\VCRUNTIME140.dll
0x00007ff872250000 - 0x00007ff872267000 	C:\Program Files\Android\Android Studio1\jbr\bin\jli.dll
0x00007ff8a1090000 - 0x00007ff8a122d000 	C:\WINDOWS\System32\USER32.dll
0x00007ff89fcf0000 - 0x00007ff89fd12000 	C:\WINDOWS\System32\win32u.dll
0x00007ff88e4d0000 - 0x00007ff88e76a000 	C:\WINDOWS\WinSxS\amd64_microsoft.windows.common-controls_6595b64144ccf1df_6.0.19041.4355_none_60b8b9eb71f62e16\COMCTL32.dll
0x00007ff8a0f20000 - 0x00007ff8a0f4b000 	C:\WINDOWS\System32\GDI32.dll
0x00007ff8a02e0000 - 0x00007ff8a03f7000 	C:\WINDOWS\System32\gdi32full.dll
0x00007ff8a00e0000 - 0x00007ff8a017d000 	C:\WINDOWS\System32\msvcp_win.dll
0x00007ff8a18a0000 - 0x00007ff8a193e000 	C:\WINDOWS\System32\msvcrt.dll
0x00007ff8a23e0000 - 0x00007ff8a240f000 	C:\WINDOWS\System32\IMM32.DLL
0x00007ff878850000 - 0x00007ff87885c000 	C:\Program Files\Android\Android Studio1\jbr\bin\vcruntime140_1.dll
0x00007ff843440000 - 0x00007ff8434cd000 	C:\Program Files\Android\Android Studio1\jbr\bin\msvcp140.dll
0x00007fffe6870000 - 0x00007fffe74f3000 	C:\Program Files\Android\Android Studio1\jbr\bin\server\jvm.dll
0x00007ff8a1230000 - 0x00007ff8a12e0000 	C:\WINDOWS\System32\ADVAPI32.dll
0x00007ff8a0f50000 - 0x00007ff8a0ff0000 	C:\WINDOWS\System32\sechost.dll
0x00007ff8a2410000 - 0x00007ff8a2533000 	C:\WINDOWS\System32\RPCRT4.dll
0x00007ff8a0020000 - 0x00007ff8a0047000 	C:\WINDOWS\System32\bcrypt.dll
0x00007ff883530000 - 0x00007ff883539000 	C:\WINDOWS\SYSTEM32\WSOCK32.dll
0x00007ff87b890000 - 0x00007ff87b8b7000 	C:\WINDOWS\SYSTEM32\WINMM.dll
0x00007ff8a2540000 - 0x00007ff8a25ab000 	C:\WINDOWS\System32\WS2_32.dll
0x00007ff898990000 - 0x00007ff89899a000 	C:\WINDOWS\SYSTEM32\VERSION.dll
0x00007ff89f330000 - 0x00007ff89f37b000 	C:\WINDOWS\SYSTEM32\POWRPROF.dll
0x00007ff89f310000 - 0x00007ff89f322000 	C:\WINDOWS\SYSTEM32\UMPDC.dll
0x00007ff89e4c0000 - 0x00007ff89e4d2000 	C:\WINDOWS\SYSTEM32\kernel.appcore.dll
0x00007ff89b6c0000 - 0x00007ff89b6ca000 	C:\Program Files\Android\Android Studio1\jbr\bin\jimage.dll
0x00007ff89d890000 - 0x00007ff89da74000 	C:\WINDOWS\SYSTEM32\DBGHELP.DLL
0x00007ff884850000 - 0x00007ff884884000 	C:\WINDOWS\SYSTEM32\dbgcore.DLL
0x00007ff8a0050000 - 0x00007ff8a00d2000 	C:\WINDOWS\System32\bcryptPrimitives.dll
0x00007ff87d2d0000 - 0x00007ff87d2f5000 	C:\Program Files\Android\Android Studio1\jbr\bin\java.dll
0x00007ff88cdb0000 - 0x00007ff88cdc8000 	C:\Program Files\Android\Android Studio1\jbr\bin\zip.dll
0x00007ff8a1a70000 - 0x00007ff8a21df000 	C:\WINDOWS\System32\SHELL32.dll
0x00007ff89dd00000 - 0x00007ff89e4a3000 	C:\WINDOWS\SYSTEM32\windows.storage.dll
0x00007ff8a0770000 - 0x00007ff8a0ac3000 	C:\WINDOWS\System32\combase.dll
0x00007ff89f6d0000 - 0x00007ff89f6fe000 	C:\WINDOWS\SYSTEM32\Wldp.dll
0x00007ff8a0620000 - 0x00007ff8a06ed000 	C:\WINDOWS\System32\OLEAUT32.dll
0x00007ff8a0e10000 - 0x00007ff8a0ebd000 	C:\WINDOWS\System32\SHCORE.dll
0x00007ff8a0ec0000 - 0x00007ff8a0f15000 	C:\WINDOWS\System32\shlwapi.dll
0x00007ff89fbd0000 - 0x00007ff89fbf4000 	C:\WINDOWS\SYSTEM32\profapi.dll
0x00007ff878ea0000 - 0x00007ff878eb9000 	C:\Program Files\Android\Android Studio1\jbr\bin\net.dll
0x00007ff89ca30000 - 0x00007ff89cb3d000 	C:\WINDOWS\SYSTEM32\WINHTTP.dll
0x00007ff89f430000 - 0x00007ff89f49a000 	C:\WINDOWS\system32\mswsock.dll
0x00007ff8786e0000 - 0x00007ff8786f6000 	C:\Program Files\Android\Android Studio1\jbr\bin\nio.dll
0x00007ff89f620000 - 0x00007ff89f638000 	C:\WINDOWS\SYSTEM32\CRYPTSP.dll
0x00007ff89ecd0000 - 0x00007ff89ed04000 	C:\WINDOWS\system32\rsaenh.dll
0x00007ff89fb50000 - 0x00007ff89fb7e000 	C:\WINDOWS\SYSTEM32\USERENV.dll
0x00007ff89f640000 - 0x00007ff89f64c000 	C:\WINDOWS\SYSTEM32\CRYPTBASE.dll
0x00007ff89f0a0000 - 0x00007ff89f0db000 	C:\WINDOWS\SYSTEM32\IPHLPAPI.DLL
0x00007ff8a1340000 - 0x00007ff8a1348000 	C:\WINDOWS\System32\NSI.dll
0x00007ff898970000 - 0x00007ff898987000 	C:\WINDOWS\SYSTEM32\dhcpcsvc6.DLL
0x00007ff89b480000 - 0x00007ff89b49d000 	C:\WINDOWS\SYSTEM32\dhcpcsvc.DLL
0x00007ff89f0e0000 - 0x00007ff89f1aa000 	C:\WINDOWS\SYSTEM32\DNSAPI.dll
0x00007ff812510000 - 0x00007ff812517000 	C:\WINDOWS\system32\wshunix.dll
0x00007ff89b610000 - 0x00007ff89b619000 	C:\Program Files\Android\Android Studio1\jbr\bin\extnet.dll

dbghelp: loaded successfully - version: 4.0.5 - missing functions: none
symbol engine: initialized successfully - sym options: 0x614 - pdb path: .;C:\Program Files\Android\Android Studio1\jbr\bin;C:\WINDOWS\SYSTEM32;C:\WINDOWS\WinSxS\amd64_microsoft.windows.common-controls_6595b64144ccf1df_6.0.19041.4355_none_60b8b9eb71f62e16;C:\Program Files\Android\Android Studio1\jbr\bin\server

VM Arguments:
java_command: git4idea.http.GitAskPassApp Password for 'https://isidorami@github.com': 
java_class_path (initial): C:/Program Files/Android/Android Studio1/plugins/vcs-git/lib/git4idea-rt.jar;C:/Program Files/Android/Android Studio1/lib/externalProcess-rt.jar
Launcher Type: SUN_STANDARD

[Global flags]
     intx CICompilerCount                          = 4                                         {product} {ergonomic}
     uint ConcGCThreads                            = 2                                         {product} {ergonomic}
     uint G1ConcRefinementThreads                  = 8                                         {product} {ergonomic}
   size_t G1HeapRegionSize                         = 2097152                                   {product} {ergonomic}
    uintx GCDrainStackTargetSize                   = 64                                        {product} {ergonomic}
   size_t InitialHeapSize                          = 266338304                                 {product} {ergonomic}
   size_t MarkStackSize                            = 4194304                                   {product} {ergonomic}
   size_t MaxHeapSize                              = 4238344192                                {product} {ergonomic}
   size_t MaxNewSize                               = 2541748224                                {product} {ergonomic}
   size_t MinHeapDeltaBytes                        = 2097152                                   {product} {ergonomic}
   size_t MinHeapSize                              = 8388608                                   {product} {ergonomic}
    uintx NonNMethodCodeHeapSize                   = 5839372                                {pd product} {ergonomic}
    uintx NonProfiledCodeHeapSize                  = 122909434                              {pd product} {ergonomic}
    uintx ProfiledCodeHeapSize                     = 122909434                              {pd product} {ergonomic}
    uintx ReservedCodeCacheSize                    = 251658240                              {pd product} {ergonomic}
     bool SegmentedCodeCache                       = true                                      {product} {ergonomic}
   size_t SoftMaxHeapSize                          = 4238344192                             {manageable} {ergonomic}
     bool UseCompressedClassPointers               = true                           {product lp64_product} {ergonomic}
     bool UseCompressedOops                        = true                           {product lp64_product} {ergonomic}
     bool UseG1GC                                  = true                                      {product} {ergonomic}
     bool UseLargePagesIndividualAllocation        = false                                  {pd product} {ergonomic}

Logging:
Log output configuration:
 #0: stdout all=warning uptime,level,tags
 #1: stderr all=off uptime,level,tags

Environment Variables:
JAVA_HOME=C:\Program Files\Java\jdk-19
PATH=C:/Program Files/Git/mingw64/libexec/git-core;C:/Program Files/Git/mingw64/libexec/git-core;C:\Program Files\Git\mingw64\bin;C:\Program Files\Git\usr\bin;C:\Users\Ici\bin;C:\Program Files\Microsoft MPI\Bin\;C:\WINDOWS\system32;C:\WINDOWS;C:\WINDOWS\System32\Wbem;C:\WINDOWS\System32\WindowsPowerShell\v1.0\;C:\WINDOWS\System32\OpenSSH\;C:\Program Files\Microsoft SQL Server\150\Tools\Binn\;C:\Program Files\Microsoft SQL Server\Client SDK\ODBC\170\Tools\Binn\;C:\Program Files\dotnet\;C:\Program Files\Git\cmd;C:\Program Files\TortoiseSVN\bin;C:\Program Files\Java\jdk-19\bin;C:\Program Files\Mullvad VPN\resources;C:\Program Files (x86)\Microsoft SQL Server\160\Tools\Binn\;C:\Program Files\Microsoft SQL Server\160\Tools\Binn\;C:\Program Files\Microsoft SQL Server\160\DTS\Binn\;C:\Program Files (x86)\Microsoft SQL Server\160\DTS\Binn\;C:\Program Files\nodejs\;C:\Users\Ici\AppData\Roaming\npm;C:\Users\Ici\AppData\Local\Programs\Python\Python311\Scripts\;C:\Users\Ici\AppData\Local\Programs\Python\Python311\;C:\Users\Ici\AppData\Local\Microsoft\WindowsApps;C:\Users\Ici\.dotnet\tools;C:\Users\Ici\AppData\Local\Programs\Microsoft VS Code\bin;C:\Users\Ici\AppData\Roaming\npm;C:\Users\Ici\AppData\Local\Programs\Azure Data Studio\bin;C:\Program Files\Markdown Monster;C:\Users\Ici\.dotnet\tools
USERNAME=Ici
DISPLAY=:0.0
LC_ALL=en_US.UTF-8
TERM=xterm-256color
TMPDIR=C:\Users\Ici\AppData\Local\Temp
OS=Windows_NT
PROCESSOR_IDENTIFIER=Intel64 Family 6 Model 158 Stepping 13, GenuineIntel
TMP=C:\Users\Ici\AppData\Local\Temp
TEMP=C:\Users\Ici\AppData\Local\Temp



Periodic native trim disabled

JNI global refs:
JNI global refs: 20, weak refs: 0

JNI global refs memory usage: 843, weak refs: 209

Process memory usage:
Resident Set Size: 60464K (0% of 16553888K total physical memory with 1702680K free physical memory)

OOME stack traces (most recent first):
Classloader memory used:
Loader bootstrap                                                                       : 1549K
Loader jdk.internal.loader.ClassLoaders$PlatformClassLoader                            : 113K
Loader jdk.internal.loader.ClassLoaders$AppClassLoader                                 : 1808B


---------------  S Y S T E M  ---------------

OS:
 Windows 10 , 64 bit Build 19041 (10.0.19041.4842)
OS uptime: 0 days 7:08 hours

CPU: total 8 (initial active 8) (4 cores per cpu, 2 threads per core) family 6 model 158 stepping 13 microcode 0xfa, cx8, cmov, fxsr, ht, mmx, 3dnowpref, sse, sse2, sse3, ssse3, sse4.1, sse4.2, popcnt, lzcnt, tsc, tscinvbit, avx, avx2, aes, erms, clmul, bmi1, bmi2, adx, fma, vzeroupper, clflush, clflushopt
Processor Information for all 8 processors :
  Max Mhz: 2496, Current Mhz: 2496, Mhz Limit: 2496

Memory: 4k page, system-wide physical 16165M (1662M free)
TotalPageFile size 16165M (AvailPageFile size 6M)
current process WorkingSet (physical memory assigned to process): 59M, peak: 59M
current process commit charge ("private bytes"): 348M, peak: 349M

vm_info: OpenJDK 64-Bit Server VM (17.0.11+0--11852314) for windows-amd64 JRE (17.0.11+0--11852314), built on May 16 2024 21:29:20 by "androidbuild" with MS VC++ 16.10 / 16.11 (VS2019)

END.
