#
# There is insufficient memory for the Java Runtime Environment to continue.
# Native memory allocation (mmap) failed to map 266338304 bytes. Error detail: G1 virtual space
# Possible reasons:
#   The system is out of physical RAM or swap space
#   This process is running with CompressedOops enabled, and the Java Heap may be blocking the growth of the native heap
# Possible solutions:
#   Reduce memory load on the system
#   Increase physical memory or swap space
#   Check if swap backing store is full
#   Decrease Java heap size (-Xmx/-Xms)
#   Decrease number of Java threads
#   Decrease Java thread stack sizes (-Xss)
#   Set larger code cache with -XX:ReservedCodeCacheSize=
#   JVM is running with Zero Based Compressed Oops mode in which the Java heap is
#     placed in the first 32GB address space. The Java Heap base address is the
#     maximum limit for the native heap growth. Please use -XX:HeapBaseMinAddress
#     to set the Java Heap base and to place the Java Heap above 32GB virtual address.
# This output file may be truncated or incomplete.
#
#  Out of Memory Error (os_windows.cpp:3825), pid=5280, tid=18448
#
# JRE version:  (17.0.11) (build )
# Java VM: OpenJDK 64-Bit Server VM (17.0.11+0--11852314, mixed mode, sharing, tiered, compressed oops, compressed class ptrs, g1 gc, windows-amd64)
# No core dump will be written. Minidumps are not enabled by default on client versions of Windows
#

---------------  S U M M A R Y ------------

Command Line: git4idea.http.GitAskPassApp Username for 'https://github.com': 

Host: Intel(R) Core(TM) i5-9400H CPU @ 2.50GHz, 8 cores, 15G,  Windows 10 , 64 bit Build 19041 (10.0.19041.4597)
Time: Thu Aug  8 02:25:00 2024 Central Europe Summer Time elapsed time: 0.010026 seconds (0d 0h 0m 0s)

---------------  T H R E A D  ---------------

Current thread (0x000002133cec1d30):  JavaThread "Unknown thread" [_thread_in_vm, id=18448, stack(0x0000006c72d00000,0x0000006c72e00000)]

Stack: [0x0000006c72d00000,0x0000006c72e00000]
Native frames: (J=compiled Java code, j=interpreted, Vv=VM code, C=native code)
V  [jvm.dll+0x687bb9]
V  [jvm.dll+0x84142a]
V  [jvm.dll+0x8430ae]
V  [jvm.dll+0x843713]
V  [jvm.dll+0x24a35f]
V  [jvm.dll+0x684989]
V  [jvm.dll+0x67923a]
V  [jvm.dll+0x30af0b]
V  [jvm.dll+0x3123b6]
V  [jvm.dll+0x361dfe]
V  [jvm.dll+0x36202f]
V  [jvm.dll+0x2e0d38]
V  [jvm.dll+0x2e1ca4]
V  [jvm.dll+0x811f21]
V  [jvm.dll+0x36fb68]
V  [jvm.dll+0x7f0896]
V  [jvm.dll+0x3f3d2f]
V  [jvm.dll+0x3f58e1]
C  [jli.dll+0x528f]
C  [ucrtbase.dll+0x21bb2]
C  [KERNEL32.DLL+0x17374]
C  [ntdll.dll+0x4cc91]


---------------  P R O C E S S  ---------------

Threads class SMR info:
_java_thread_list=0x00007fff363eefd8, length=0, elements={
}

Java Threads: ( => current thread )

Other Threads:
  0x000002133cf2c410 GCTaskThread "GC Thread#0" [stack: 0x0000006c72e00000,0x0000006c72f00000] [id=14568]
  0x000002133cf3cef0 ConcurrentGCThread "G1 Main Marker" [stack: 0x0000006c72f00000,0x0000006c73000000] [id=18764]
  0x000002133cf3d810 ConcurrentGCThread "G1 Conc#0" [stack: 0x0000006c73000000,0x0000006c73100000] [id=16692]

[error occurred during error reporting (printing all threads), id 0xc0000005, EXCEPTION_ACCESS_VIOLATION (0xc0000005) at pc=0x00007fff35ba1907]

VM state: not at safepoint (not fully initialized)

VM Mutex/Monitor currently owned by a thread:  ([mutex/lock_event])
[0x000002133cebcb70] Heap_lock - owner thread: 0x000002133cec1d30

Heap address: 0x0000000703600000, size: 4042 MB, Compressed Oops mode: Zero based, Oop shift amount: 3

CDS archive(s) mapped at: [0x0000000000000000-0x0000000000000000-0x0000000000000000), size 0, SharedBaseAddress: 0x0000000800000000, ArchiveRelocationMode: 1.
Narrow klass base: 0x0000000000000000, Narrow klass shift: 0, Narrow klass range: 0x0

GC Precious Log:
<Empty>

Heap:
 garbage-first heap   total 0K, used 0K [0x0000000703600000, 0x0000000800000000)
  region size 2048K, 0 young (0K), 0 survivors (0K)
 Metaspace       used 0K, committed 0K, reserved 0K
  class space    used 0K, committed 0K, reserved 0K

Heap Regions: E=young(eden), S=young(survivor), O=old, HS=humongous(starts), HC=humongous(continues), CS=collection set, F=free, OA=open archive, CA=closed archive, TAMS=top-at-mark-start (previous, next)

Card table byte_map: [0x000002134fec0000,0x00000213506b0000] _byte_map_base: 0x000002134c6a5000

Marking Bits (Prev, Next): (CMBitMap*) 0x000002133cf2c930, (CMBitMap*) 0x000002133cf2c970
 Prev Bits: [0x0000021350ea0000, 0x0000021354dc8000)
 Next Bits: [0x0000021354dd0000, 0x0000021358cf8000)

GC Heap History (0 events):
No events

Dll operation events (1 events):
Event: 0.005 Loaded shared library C:\Program Files\Android\Android Studio1\jbr\bin\java.dll

Deoptimization events (0 events):
No events

Classes unloaded (0 events):
No events

Classes redefined (0 events):
No events

Internal exceptions (0 events):
No events

VM Operations (0 events):
No events

Events (0 events):
No events


Dynamic libraries:
0x00007ff613a10000 - 0x00007ff613a1a000 	C:\Program Files\Android\Android Studio1\jbr\bin\java.exe
0x00007ffff0010000 - 0x00007ffff0208000 	C:\WINDOWS\SYSTEM32\ntdll.dll
0x00007fffee620000 - 0x00007fffee6e1000 	C:\WINDOWS\System32\KERNEL32.DLL
0x00007fffed940000 - 0x00007fffedc36000 	C:\WINDOWS\System32\KERNELBASE.dll
0x00007fffedd40000 - 0x00007fffede40000 	C:\WINDOWS\System32\ucrtbase.dll
0x00007fffb4b70000 - 0x00007fffb4b87000 	C:\Program Files\Android\Android Studio1\jbr\bin\jli.dll
0x00007fffd8500000 - 0x00007fffd851b000 	C:\Program Files\Android\Android Studio1\jbr\bin\VCRUNTIME140.dll
0x00007fffee040000 - 0x00007fffee1df000 	C:\WINDOWS\System32\USER32.dll
0x00007fffee010000 - 0x00007fffee032000 	C:\WINDOWS\System32\win32u.dll
0x00007fffd8000000 - 0x00007fffd829a000 	C:\WINDOWS\WinSxS\amd64_microsoft.windows.common-controls_6595b64144ccf1df_6.0.19041.4355_none_60b8b9eb71f62e16\COMCTL32.dll
0x00007fffef0f0000 - 0x00007fffef11b000 	C:\WINDOWS\System32\GDI32.dll
0x00007fffede40000 - 0x00007fffedf57000 	C:\WINDOWS\System32\gdi32full.dll
0x00007fffefd80000 - 0x00007fffefe1e000 	C:\WINDOWS\System32\msvcrt.dll
0x00007fffed8a0000 - 0x00007fffed93d000 	C:\WINDOWS\System32\msvcp_win.dll
0x00007fffefd50000 - 0x00007fffefd7f000 	C:\WINDOWS\System32\IMM32.DLL
0x00007fffea8f0000 - 0x00007fffea8fc000 	C:\Program Files\Android\Android Studio1\jbr\bin\vcruntime140_1.dll
0x00007fffd08d0000 - 0x00007fffd095d000 	C:\Program Files\Android\Android Studio1\jbr\bin\msvcp140.dll
0x00007fff358b0000 - 0x00007fff36533000 	C:\Program Files\Android\Android Studio1\jbr\bin\server\jvm.dll
0x00007fffef200000 - 0x00007fffef2b0000 	C:\WINDOWS\System32\ADVAPI32.dll
0x00007fffee580000 - 0x00007fffee620000 	C:\WINDOWS\System32\sechost.dll
0x00007fffefe20000 - 0x00007fffeff43000 	C:\WINDOWS\System32\RPCRT4.dll
0x00007fffed6c0000 - 0x00007fffed6e7000 	C:\WINDOWS\System32\bcrypt.dll
0x00007fffecec0000 - 0x00007fffecf0b000 	C:\WINDOWS\SYSTEM32\POWRPROF.dll
0x00007fffd05e0000 - 0x00007fffd05e9000 	C:\WINDOWS\SYSTEM32\WSOCK32.dll
0x00007fffc3660000 - 0x00007fffc3687000 	C:\WINDOWS\SYSTEM32\WINMM.dll
0x00007fffe6230000 - 0x00007fffe623a000 	C:\WINDOWS\SYSTEM32\VERSION.dll
0x00007fffef190000 - 0x00007fffef1fb000 	C:\WINDOWS\System32\WS2_32.dll
0x00007fffecea0000 - 0x00007fffeceb2000 	C:\WINDOWS\SYSTEM32\UMPDC.dll
0x00007fffebed0000 - 0x00007fffebee2000 	C:\WINDOWS\SYSTEM32\kernel.appcore.dll
0x00007fffe7750000 - 0x00007fffe775a000 	C:\Program Files\Android\Android Studio1\jbr\bin\jimage.dll
0x00007fffebbd0000 - 0x00007fffebdb4000 	C:\WINDOWS\SYSTEM32\DBGHELP.DLL
0x00007fffd2d50000 - 0x00007fffd2d84000 	C:\WINDOWS\SYSTEM32\dbgcore.DLL
0x00007fffedc40000 - 0x00007fffedcc2000 	C:\WINDOWS\System32\bcryptPrimitives.dll
0x00007fffc9300000 - 0x00007fffc9325000 	C:\Program Files\Android\Android Studio1\jbr\bin\java.dll

dbghelp: loaded successfully - version: 4.0.5 - missing functions: none
symbol engine: initialized successfully - sym options: 0x614 - pdb path: .;C:\Program Files\Android\Android Studio1\jbr\bin;C:\WINDOWS\SYSTEM32;C:\WINDOWS\WinSxS\amd64_microsoft.windows.common-controls_6595b64144ccf1df_6.0.19041.4355_none_60b8b9eb71f62e16;C:\Program Files\Android\Android Studio1\jbr\bin\server

VM Arguments:
java_command: git4idea.http.GitAskPassApp Username for 'https://github.com': 
java_class_path (initial): C:/Program Files/Android/Android Studio1/plugins/vcs-git/lib/git4idea-rt.jar;C:/Program Files/Android/Android Studio1/lib/externalProcess-rt.jar
Launcher Type: SUN_STANDARD

[Global flags]
     intx CICompilerCount                          = 4                                         {product} {ergonomic}
     uint ConcGCThreads                            = 2                                         {product} {ergonomic}
     uint G1ConcRefinementThreads                  = 8                                         {product} {ergonomic}
   size_t G1HeapRegionSize                         = 2097152                                   {product} {ergonomic}
    uintx GCDrainStackTargetSize                   = 64                                        {product} {ergonomic}
   size_t InitialHeapSize                          = 266338304                                 {product} {ergonomic}
   size_t MarkStackSize                            = 4194304                                   {product} {ergonomic}
   size_t MaxHeapSize                              = 4238344192                                {product} {ergonomic}
   size_t MinHeapDeltaBytes                        = 2097152                                   {product} {ergonomic}
   size_t MinHeapSize                              = 8388608                                   {product} {ergonomic}
    uintx NonNMethodCodeHeapSize                   = 5839372                                {pd product} {ergonomic}
    uintx NonProfiledCodeHeapSize                  = 122909434                              {pd product} {ergonomic}
    uintx ProfiledCodeHeapSize                     = 122909434                              {pd product} {ergonomic}
    uintx ReservedCodeCacheSize                    = 251658240                              {pd product} {ergonomic}
     bool SegmentedCodeCache                       = true                                      {product} {ergonomic}
   size_t SoftMaxHeapSize                          = 4238344192                             {manageable} {ergonomic}
     bool UseCompressedClassPointers               = true                           {product lp64_product} {ergonomic}
     bool UseCompressedOops                        = true                           {product lp64_product} {ergonomic}
     bool UseG1GC                                  = true                                      {product} {ergonomic}
     bool UseLargePagesIndividualAllocation        = false                                  {pd product} {ergonomic}

Logging:
Log output configuration:
 #0: stdout all=warning uptime,level,tags
 #1: stderr all=off uptime,level,tags

Environment Variables:
JAVA_HOME=C:\Program Files\Java\jdk-19
PATH=C:/Program Files/Git/mingw64/libexec/git-core;C:/Program Files/Git/mingw64/libexec/git-core;C:\Program Files\Git\mingw64\bin;C:\Program Files\Git\usr\bin;C:\Users\Ici\bin;C:\Program Files\Microsoft MPI\Bin\;C:\WINDOWS\system32;C:\WINDOWS;C:\WINDOWS\System32\Wbem;C:\WINDOWS\System32\WindowsPowerShell\v1.0\;C:\WINDOWS\System32\OpenSSH\;C:\Program Files\Microsoft SQL Server\150\Tools\Binn\;C:\Program Files\Microsoft SQL Server\Client SDK\ODBC\170\Tools\Binn\;C:\Program Files\dotnet\;C:\Program Files\Git\cmd;C:\Program Files\TortoiseSVN\bin;C:\Program Files\Java\jdk-19\bin;C:\Program Files\Mullvad VPN\resources;C:\Program Files (x86)\Microsoft SQL Server\160\Tools\Binn\;C:\Program Files\Microsoft SQL Server\160\Tools\Binn\;C:\Program Files\Microsoft SQL Server\160\DTS\Binn\;C:\Program Files (x86)\Microsoft SQL Server\160\DTS\Binn\;C:\Program Files\nodejs\;C:\Users\Ici\AppData\Roaming\npm;C:\Users\Ici\AppData\Local\Programs\Python\Python311\Scripts\;C:\Users\Ici\AppData\Local\Programs\Python\Python311\;C:\Users\Ici\AppData\Local\Microsoft\WindowsApps;C:\Users\Ici\.dotnet\tools;C:\Users\Ici\AppData\Local\Programs\Microsoft VS Code\bin;C:\Users\Ici\AppData\Roaming\npm;C:\Users\Ici\AppData\Local\Programs\Azure Data Studio\bin;C:\Program Files\Markdown Monster
USERNAME=Ici
DISPLAY=:0.0
LC_ALL=en_US.UTF-8
TERM=xterm-256color
TMPDIR=C:\Users\Ici\AppData\Local\Temp
OS=Windows_NT
PROCESSOR_IDENTIFIER=Intel64 Family 6 Model 158 Stepping 13, GenuineIntel
TMP=C:\Users\Ici\AppData\Local\Temp
TEMP=C:\Users\Ici\AppData\Local\Temp



Periodic native trim disabled

JNI global refs:
JNI global refs: 0, weak refs: 0

JNI global refs memory usage: 0, weak refs: 0

Process memory usage:
Resident Set Size: 10912K (0% of 16553888K total physical memory with 2071156K free physical memory)

OOME stack traces (most recent first):
Classloader memory used:


---------------  S Y S T E M  ---------------

OS:
 Windows 10 , 64 bit Build 19041 (10.0.19041.4597)
OS uptime: 0 days 14:52 hours

CPU: total 8 (initial active 8) (4 cores per cpu, 2 threads per core) family 6 model 158 stepping 13 microcode 0xfa, cx8, cmov, fxsr, ht, mmx, 3dnowpref, sse, sse2, sse3, ssse3, sse4.1, sse4.2, popcnt, lzcnt, tsc, tscinvbit, avx, avx2, aes, erms, clmul, bmi1, bmi2, adx, fma, vzeroupper, clflush, clflushopt
Processor Information for all 8 processors :
  Max Mhz: 2496, Current Mhz: 2496, Mhz Limit: 2496

Memory: 4k page, system-wide physical 16165M (2022M free)
TotalPageFile size 16165M (AvailPageFile size 189M)
current process WorkingSet (physical memory assigned to process): 10M, peak: 10M
current process commit charge ("private bytes"): 60M, peak: 314M

vm_info: OpenJDK 64-Bit Server VM (17.0.11+0--11852314) for windows-amd64 JRE (17.0.11+0--11852314), built on May 16 2024 21:29:20 by "androidbuild" with MS VC++ 16.10 / 16.11 (VS2019)

END.
