#
# There is insufficient memory for the Java Runtime Environment to continue.
# Native memory allocation (malloc) failed to allocate 1048576 bytes. Error detail: AllocateHeap
# Possible reasons:
#   The system is out of physical RAM or swap space
#   This process is running with CompressedOops enabled, and the Java Heap may be blocking the growth of the native heap
# Possible solutions:
#   Reduce memory load on the system
#   Increase physical memory or swap space
#   Check if swap backing store is full
#   Decrease Java heap size (-Xmx/-Xms)
#   Decrease number of Java threads
#   Decrease Java thread stack sizes (-Xss)
#   Set larger code cache with -XX:ReservedCodeCacheSize=
#   JVM is running with Unscaled Compressed Oops mode in which the Java heap is
#     placed in the first 4GB address space. The Java Heap base address is the
#     maximum limit for the native heap growth. Please use -XX:HeapBaseMinAddress
#     to set the Java Heap base and to place the Java Heap above 4GB virtual address.
# This output file may be truncated or incomplete.
#
#  Out of Memory Error (allocation.cpp:44), pid=1292, tid=3412
#
# JRE version:  (17.0.11) (build )
# Java VM: OpenJDK 64-Bit Server VM (17.0.11+0--11852314, mixed mode, sharing, tiered, compressed oops, compressed class ptrs, g1 gc, windows-amd64)
# No core dump will be written. Minidumps are not enabled by default on client versions of Windows
#

---------------  S U M M A R Y ------------

Command Line: org.jetbrains.kotlin.cli.jvm.K2JVMCompiler @C:\Users\Ici\Desktop\rmas_repo\IzvorLocator\app\build\20240913_9697822472013791769.compiler.options

Host: Intel(R) Core(TM) i5-9400H CPU @ 2.50GHz, 8 cores, 15G,  Windows 10 , 64 bit Build 19041 (10.0.19041.4842)
Time: Fri Sep 13 16:30:54 2024 Central Europe Summer Time elapsed time: 0.018081 seconds (0d 0h 0m 0s)

---------------  T H R E A D  ---------------

Current thread (0x0000016130710300):  JavaThread "Unknown thread" [_thread_in_vm, id=3412, stack(0x0000003efde00000,0x0000003efdf00000)]

Stack: [0x0000003efde00000,0x0000003efdf00000]
Native frames: (J=compiled Java code, j=interpreted, Vv=VM code, C=native code)
V  [jvm.dll+0x687bb9]
V  [jvm.dll+0x84142a]
V  [jvm.dll+0x8430ae]
V  [jvm.dll+0x843713]
V  [jvm.dll+0x24a35f]
V  [jvm.dll+0xa6cc3]
V  [jvm.dll+0x2dc984]
V  [jvm.dll+0x811eec]
V  [jvm.dll+0x36fb68]
V  [jvm.dll+0x7f0896]
V  [jvm.dll+0x3f3d2f]
V  [jvm.dll+0x3f58e1]
C  [jli.dll+0x528f]
C  [ucrtbase.dll+0x21bb2]
C  [KERNEL32.DLL+0x17374]
C  [ntdll.dll+0x4cc91]


---------------  P R O C E S S  ---------------

Threads class SMR info:
_java_thread_list=0x00007ffb51ecefd8, length=0, elements={
}

Java Threads: ( => current thread )

Other Threads:

=>0x0000016130710300 (exited) JavaThread "Unknown thread" [_thread_in_vm, id=3412, stack(0x0000003efde00000,0x0000003efdf00000)]

Threads with active compile tasks:

VM state: not at safepoint (not fully initialized)

VM Mutex/Monitor currently owned by a thread: None

Heap address: 0x0000000000000000, size: 0 MB, Compressed Oops mode: 32-bit

CDS archive(s) mapped at: [0x0000000000000000-0x0000000000000000-0x0000000000000000), size 0, SharedBaseAddress: 0x0000000800000000, ArchiveRelocationMode: 1.
Narrow klass base: 0x0000000000000000, Narrow klass shift: 0, Narrow klass range: 0x0

GC Precious Log:
<Empty>

GC Heap History (0 events):
No events

Dll operation events (1 events):
Event: 0.013 Loaded shared library C:\Program Files\Android\Android Studio1\jbr\bin\java.dll

Deoptimization events (0 events):
No events

Classes unloaded (0 events):
No events

Classes redefined (0 events):
No events

Internal exceptions (0 events):
No events

VM Operations (0 events):
No events

Events (0 events):
No events


Dynamic libraries:
0x00007ff75f270000 - 0x00007ff75f27a000 	C:\Program Files\Android\Android Studio1\jbr\bin\java.exe
0x00007ffb967b0000 - 0x00007ffb969a8000 	C:\WINDOWS\SYSTEM32\ntdll.dll
0x00007ffb95150000 - 0x00007ffb95211000 	C:\WINDOWS\System32\KERNEL32.DLL
0x00007ffb940e0000 - 0x00007ffb943dd000 	C:\WINDOWS\System32\KERNELBASE.dll
0x00007ffb943e0000 - 0x00007ffb944e0000 	C:\WINDOWS\System32\ucrtbase.dll
0x00007ffb668a0000 - 0x00007ffb668b7000 	C:\Program Files\Android\Android Studio1\jbr\bin\jli.dll
0x00007ffb8ea60000 - 0x00007ffb8ea7b000 	C:\Program Files\Android\Android Studio1\jbr\bin\VCRUNTIME140.dll
0x00007ffb947e0000 - 0x00007ffb9497d000 	C:\WINDOWS\System32\USER32.dll
0x00007ffb94670000 - 0x00007ffb94692000 	C:\WINDOWS\System32\win32u.dll
0x00007ffb95660000 - 0x00007ffb9568b000 	C:\WINDOWS\System32\GDI32.dll
0x00007ffb81c60000 - 0x00007ffb81efa000 	C:\WINDOWS\WinSxS\amd64_microsoft.windows.common-controls_6595b64144ccf1df_6.0.19041.4355_none_60b8b9eb71f62e16\COMCTL32.dll
0x00007ffb93e60000 - 0x00007ffb93f77000 	C:\WINDOWS\System32\gdi32full.dll
0x00007ffb965f0000 - 0x00007ffb9668e000 	C:\WINDOWS\System32\msvcrt.dll
0x00007ffb946a0000 - 0x00007ffb9473d000 	C:\WINDOWS\System32\msvcp_win.dll
0x00007ffb966a0000 - 0x00007ffb966cf000 	C:\WINDOWS\System32\IMM32.DLL
0x00007ffb8ea40000 - 0x00007ffb8ea4c000 	C:\Program Files\Android\Android Studio1\jbr\bin\vcruntime140_1.dll
0x00007ffb65d50000 - 0x00007ffb65ddd000 	C:\Program Files\Android\Android Studio1\jbr\bin\msvcp140.dll
0x00007ffb51390000 - 0x00007ffb52013000 	C:\Program Files\Android\Android Studio1\jbr\bin\server\jvm.dll
0x00007ffb94980000 - 0x00007ffb94a30000 	C:\WINDOWS\System32\ADVAPI32.dll
0x00007ffb966d0000 - 0x00007ffb96770000 	C:\WINDOWS\System32\sechost.dll
0x00007ffb95300000 - 0x00007ffb95423000 	C:\WINDOWS\System32\RPCRT4.dll
0x00007ffb947b0000 - 0x00007ffb947d7000 	C:\WINDOWS\System32\bcrypt.dll
0x00007ffb937c0000 - 0x00007ffb9380b000 	C:\WINDOWS\SYSTEM32\POWRPROF.dll
0x00007ffb776f0000 - 0x00007ffb776f9000 	C:\WINDOWS\SYSTEM32\WSOCK32.dll
0x00007ffb957d0000 - 0x00007ffb9583b000 	C:\WINDOWS\System32\WS2_32.dll
0x00007ffb6e7c0000 - 0x00007ffb6e7e7000 	C:\WINDOWS\SYSTEM32\WINMM.dll
0x00007ffb8bec0000 - 0x00007ffb8beca000 	C:\WINDOWS\SYSTEM32\VERSION.dll
0x00007ffb93650000 - 0x00007ffb93662000 	C:\WINDOWS\SYSTEM32\UMPDC.dll
0x00007ffb92680000 - 0x00007ffb92692000 	C:\WINDOWS\SYSTEM32\kernel.appcore.dll
0x00007ffb8d3b0000 - 0x00007ffb8d3ba000 	C:\Program Files\Android\Android Studio1\jbr\bin\jimage.dll
0x00007ffb91a30000 - 0x00007ffb91c14000 	C:\WINDOWS\SYSTEM32\DBGHELP.DLL
0x00007ffb77960000 - 0x00007ffb77994000 	C:\WINDOWS\SYSTEM32\dbgcore.DLL
0x00007ffb945e0000 - 0x00007ffb94662000 	C:\WINDOWS\System32\bcryptPrimitives.dll
0x00007ffb6c3d0000 - 0x00007ffb6c3f5000 	C:\Program Files\Android\Android Studio1\jbr\bin\java.dll

dbghelp: loaded successfully - version: 4.0.5 - missing functions: none
symbol engine: initialized successfully - sym options: 0x614 - pdb path: .;C:\Program Files\Android\Android Studio1\jbr\bin;C:\WINDOWS\SYSTEM32;C:\WINDOWS\WinSxS\amd64_microsoft.windows.common-controls_6595b64144ccf1df_6.0.19041.4355_none_60b8b9eb71f62e16;C:\Program Files\Android\Android Studio1\jbr\bin\server

VM Arguments:
java_command: org.jetbrains.kotlin.cli.jvm.K2JVMCompiler @C:\Users\Ici\Desktop\rmas_repo\IzvorLocator\app\build\20240913_9697822472013791769.compiler.options
java_class_path (initial): C:\Users\Ici\.gradle\caches\modules-2\files-2.1\org.jetbrains.kotlin\kotlin-compiler-embeddable\1.9.0\2c8c3a7402becca891f12739b3e9fd2dc2adbd7a\kotlin-compiler-embeddable-1.9.0.jar;C:\Users\Ici\.gradle\caches\modules-2\files-2.1\org.jetbrains.kotlin\kotlin-stdlib\1.9.0\8ee15ef0c67dc83d874f412d84378d7f0eb50b63\kotlin-stdlib-1.9.0.jar;C:\Users\Ici\.gradle\caches\modules-2\files-2.1\org.jetbrains.kotlin\kotlin-script-runtime\1.9.0\4b3102cbbb7e1b58d9d1adf89563f00069ffa7d1\kotlin-script-runtime-1.9.0.jar;C:\Users\Ici\.gradle\caches\modules-2\files-2.1\org.jetbrains.kotlin\kotlin-reflect\1.6.10\1cbe9c92c12a94eea200d23c2bbaedaf3daf5132\kotlin-reflect-1.6.10.jar;C:\Users\Ici\.gradle\caches\modules-2\files-2.1\org.jetbrains.kotlin\kotlin-daemon-embeddable\1.9.0\186543f5e28cf8d9a0290fecc2cf34301c40a65c\kotlin-daemon-embeddable-1.9.0.jar;C:\Users\Ici\.gradle\caches\modules-2\files-2.1\org.jetbrains.intellij.deps\trove4j\1.0.20200330\3afb14d5f9ceb459d724e907a21145e8ff394f02\trove4j-1.0.20200330.jar;C:\Users\Ici\.gradle\caches\modules-2\files-2.1\org.jetbrains.kotlin\kotlin-stdlib-common\1.9.0\cd65c21cfd1eec4d44ef09f9f52b6d9f8a720636\kotlin-stdlib-common-1.9.0.jar;C:\Users\Ici\.gradle\caches\modules-2\files-2.1\org.jetbrains\annotations\13.0\919f0dfe192fb4e063e7dacadee7f8bb9a2672a9\annotations-13.0.jar
Launcher Type: SUN_STANDARD

[Global flags]
     intx CICompilerCount                          = 4                                         {product} {ergonomic}
     uint ConcGCThreads                            = 2                                         {product} {ergonomic}
     uint G1ConcRefinementThreads                  = 8                                         {product} {ergonomic}
   size_t G1HeapRegionSize                         = 2097152                                   {product} {ergonomic}
    uintx GCDrainStackTargetSize                   = 64                                        {product} {ergonomic}
   size_t InitialHeapSize                          = 266338304                                 {product} {ergonomic}
   size_t MarkStackSize                            = 4194304                                   {product} {ergonomic}
   size_t MaxHeapSize                              = 4238344192                                {product} {ergonomic}
   size_t MinHeapDeltaBytes                        = 2097152                                   {product} {ergonomic}
   size_t MinHeapSize                              = 8388608                                   {product} {ergonomic}
    uintx NonNMethodCodeHeapSize                   = 5839372                                {pd product} {ergonomic}
    uintx NonProfiledCodeHeapSize                  = 122909434                              {pd product} {ergonomic}
    uintx ProfiledCodeHeapSize                     = 122909434                              {pd product} {ergonomic}
    uintx ReservedCodeCacheSize                    = 251658240                              {pd product} {ergonomic}
     bool SegmentedCodeCache                       = true                                      {product} {ergonomic}
   size_t SoftMaxHeapSize                          = 4238344192                             {manageable} {ergonomic}
     bool UseCompressedClassPointers               = true                           {product lp64_product} {ergonomic}
     bool UseCompressedOops                        = true                           {product lp64_product} {ergonomic}
     bool UseG1GC                                  = true                                      {product} {ergonomic}
     bool UseLargePagesIndividualAllocation        = false                                  {pd product} {ergonomic}

Logging:
Log output configuration:
 #0: stdout all=warning uptime,level,tags
 #1: stderr all=off uptime,level,tags

Environment Variables:
JAVA_HOME=C:\Program Files\Java\jdk-19
PATH=C:\Program Files\Microsoft MPI\Bin\;C:\WINDOWS\system32;C:\WINDOWS;C:\WINDOWS\System32\Wbem;C:\WINDOWS\System32\WindowsPowerShell\v1.0\;C:\WINDOWS\System32\OpenSSH\;C:\Program Files\Microsoft SQL Server\150\Tools\Binn\;C:\Program Files\Microsoft SQL Server\Client SDK\ODBC\170\Tools\Binn\;C:\Program Files\dotnet\;C:\Program Files\Git\cmd;C:\Program Files\TortoiseSVN\bin;C:\Program Files\Java\jdk-19\bin;C:\Program Files\Mullvad VPN\resources;C:\Program Files (x86)\Microsoft SQL Server\160\Tools\Binn\;C:\Program Files\Microsoft SQL Server\160\Tools\Binn\;C:\Program Files\Microsoft SQL Server\160\DTS\Binn\;C:\Program Files (x86)\Microsoft SQL Server\160\DTS\Binn\;C:\Program Files\nodejs\;C:\Users\Ici\AppData\Roaming\npm;C:\Users\Ici\AppData\Local\Programs\Python\Python311\Scripts\;C:\Users\Ici\AppData\Local\Programs\Python\Python311\;C:\Users\Ici\AppData\Local\Microsoft\WindowsApps;C:\Users\Ici\.dotnet\tools;C:\Users\Ici\AppData\Local\Programs\Microsoft VS Code\bin;C:\Users\Ici\AppData\Roaming\npm;C:\Users\Ici\AppData\Local\Programs\Azure Data Studio\bin;C:\Program Files\Markdown Monster;C:\Users\Ici\.dotnet\tools
USERNAME=Ici
OS=Windows_NT
PROCESSOR_IDENTIFIER=Intel64 Family 6 Model 158 Stepping 13, GenuineIntel
TMP=C:\Users\Ici\AppData\Local\Temp
TEMP=C:\Users\Ici\AppData\Local\Temp



Periodic native trim disabled

JNI global refs:
JNI global refs: 0, weak refs: 0

JNI global refs memory usage: 0, weak refs: 0

Process memory usage:
Resident Set Size: 10200K (0% of 16553888K total physical memory with 1051172K free physical memory)

OOME stack traces (most recent first):
Classloader memory used:


---------------  S Y S T E M  ---------------

OS:
 Windows 10 , 64 bit Build 19041 (10.0.19041.4842)
OS uptime: 0 days 2:45 hours

CPU: total 8 (initial active 8) (4 cores per cpu, 2 threads per core) family 6 model 158 stepping 13 microcode 0xfa, cx8, cmov, fxsr, ht, mmx, 3dnowpref, sse, sse2, sse3, ssse3, sse4.1, sse4.2, popcnt, lzcnt, tsc, tscinvbit, avx, avx2, aes, erms, clmul, bmi1, bmi2, adx, fma, vzeroupper, clflush, clflushopt
Processor Information for all 8 processors :
  Max Mhz: 2496, Current Mhz: 2496, Mhz Limit: 2496

Memory: 4k page, system-wide physical 16165M (1026M free)
TotalPageFile size 16165M (AvailPageFile size 5M)
current process WorkingSet (physical memory assigned to process): 9M, peak: 9M
current process commit charge ("private bytes"): 17M, peak: 18M

vm_info: OpenJDK 64-Bit Server VM (17.0.11+0--11852314) for windows-amd64 JRE (17.0.11+0--11852314), built on May 16 2024 21:29:20 by "androidbuild" with MS VC++ 16.10 / 16.11 (VS2019)

END.
